Log file open, 09/27/19 11:05:14
LogWindows: Failed to load 'aqProf.dll' (GetLastError=126)
LogWindows: File 'aqProf.dll' does not exist
LogWindows: Failed to load 'VtuneApi.dll' (GetLastError=126)
LogWindows: File 'VtuneApi.dll' does not exist
LogWindows: Failed to load 'VtuneApi32e.dll' (GetLastError=126)
LogWindows: File 'VtuneApi32e.dll' does not exist
LogConsoleResponse: Display: Failed to find resolution value strings in scalability ini. Falling back to default.
LogInit: Display: Running engine for game: seminar_1
LogPlatformFile: Not using cached read wrapper
LogTaskGraph: Started task graph with 5 named threads and 35 total threads with 3 sets of task threads.
LogStats: Stats thread started at 0.110084
LogD3D11RHI: Loaded GFSDK_Aftermath_Lib.x64.dll
LogICUInternationalization: ICU TimeZone Detection - Raw Offset: +0:00, Platform Override: ''
LogPluginManager: Mounting plugin Paper2D
LogPluginManager: Mounting plugin AISupport
LogPluginManager: Mounting plugin LightPropagationVolume
LogPluginManager: Mounting plugin ActorLayerUtilities
LogPluginManager: Mounting plugin AnimationSharing
LogPluginManager: Mounting plugin CLionSourceCodeAccess
LogPluginManager: Mounting plugin CodeLiteSourceCodeAccess
LogPluginManager: Mounting plugin GitSourceControl
LogPluginManager: Mounting plugin KDevelopSourceCodeAccess
LogPluginManager: Mounting plugin NullSourceCodeAccess
LogPluginManager: Mounting plugin PerforceSourceControl
LogPluginManager: Mounting plugin SubversionSourceControl
LogPluginManager: Mounting plugin UObjectPlugin
LogPluginManager: Mounting plugin VisualStudioCodeSourceCodeAccess
LogPluginManager: Mounting plugin VisualStudioSourceCodeAccess
LogPluginManager: Mounting plugin XCodeSourceCodeAccess
LogPluginManager: Mounting plugin AssetManagerEditor
LogPluginManager: Mounting plugin CryptoKeys
LogPluginManager: Mounting plugin CurveEditorTools
LogPluginManager: Mounting plugin DataValidation
LogPluginManager: Mounting plugin FacialAnimation
LogPluginManager: Mounting plugin GameplayTagsEditor
LogPluginManager: Mounting plugin MacGraphicsSwitching
LogPluginManager: Mounting plugin MaterialAnalyzer
LogPluginManager: Mounting plugin MobileLauncherProfileWizard
LogPluginManager: Mounting plugin PluginBrowser
LogPluginManager: Mounting plugin SpeedTreeImporter
LogPluginManager: Mounting plugin DatasmithContent
LogPluginManager: Mounting plugin VariantManagerContent
LogPluginManager: Mounting plugin AlembicImporter
LogPluginManager: Mounting plugin AutomationUtils
LogPluginManager: Mounting plugin BackChannel
LogPluginManager: Mounting plugin CharacterAI
LogPluginManager: Mounting plugin GeometryCache
LogPluginManager: Mounting plugin HTML5Networking
LogPluginManager: Mounting plugin PlatformCrypto
LogPluginManager: Mounting plugin ProxyLODPlugin
LogPluginManager: Mounting plugin SkeletalReduction
LogPluginManager: Mounting plugin MagicLeap
LogPluginManager: Mounting plugin MagicLeapMedia
LogPluginManager: Mounting plugin AndroidMedia
LogPluginManager: Mounting plugin AvfMedia
LogPluginManager: Mounting plugin ImgMedia
LogPluginManager: Mounting plugin MediaCompositing
LogPluginManager: Mounting plugin MediaPlayerEditor
LogPluginManager: Mounting plugin WebMMedia
LogPluginManager: Mounting plugin WmfMedia
LogPluginManager: Mounting plugin TcpMessaging
LogPluginManager: Mounting plugin UdpMessaging
LogPluginManager: Mounting plugin ActorSequence
LogPluginManager: Mounting plugin LevelSequenceEditor
LogPluginManager: Mounting plugin MatineeToLevelSequence
LogPluginManager: Mounting plugin NetcodeUnitTest
LogPluginManager: Mounting plugin NUTUnrealEngine4
LogPluginManager: Mounting plugin OnlineSubsystemGooglePlay
LogPluginManager: Mounting plugin OnlineSubsystemIOS
LogPluginManager: Mounting plugin OnlineSubsystem
LogPluginManager: Mounting plugin OnlineSubsystemNull
LogPluginManager: Mounting plugin OnlineSubsystemUtils
LogPluginManager: Mounting plugin LauncherChunkInstaller
LogPluginManager: Mounting plugin AndroidDeviceProfileSelector
LogPluginManager: Mounting plugin AndroidMoviePlayer
LogPluginManager: Mounting plugin AndroidPermission
LogPluginManager: Mounting plugin AppleImageUtils
LogPluginManager: Mounting plugin AppleMoviePlayer
LogPluginManager: Mounting plugin ArchVisCharacter
LogPluginManager: Mounting plugin AudioCapture
LogPluginManager: Mounting plugin CableComponent
LogPluginManager: Mounting plugin CustomMeshComponent
LogPluginManager: Mounting plugin EditableMesh
LogPluginManager: Mounting plugin ExampleDeviceProfileSelector
LogPluginManager: Mounting plugin GoogleCloudMessaging
LogPluginManager: Mounting plugin IOSDeviceProfileSelector
LogPluginManager: Mounting plugin LinuxDeviceProfileSelector
LogPluginManager: Mounting plugin LocationServicesBPLibrary
LogPluginManager: Mounting plugin MobilePatchingUtils
LogPluginManager: Mounting plugin OculusVR
LogPluginManager: Mounting plugin PhysXVehicles
LogPluginManager: Mounting plugin ProceduralMeshComponent
LogPluginManager: Mounting plugin RuntimePhysXCooking
LogPluginManager: Mounting plugin SignificanceManager
LogPluginManager: Mounting plugin SteamVR
LogPluginManager: Mounting plugin WebMMoviePlayer
LogPluginManager: Mounting plugin WindowsMoviePlayer
LogPluginManager: Mounting plugin ScreenshotTools
LogInit: Using libcurl 7.55.1-DEV
LogInit:  - built for x86_64-pc-win32
LogInit:  - supports SSL with OpenSSL/1.1.1
LogInit:  - supports HTTP deflate (compression) using libz 1.2.8
LogInit:  - other features:
LogInit:      CURL_VERSION_SSL
LogInit:      CURL_VERSION_LIBZ
LogInit:      CURL_VERSION_IPV6
LogInit:      CURL_VERSION_ASYNCHDNS
LogInit:      CURL_VERSION_LARGEFILE
LogInit:      CURL_VERSION_IDN
LogInit:  CurlRequestOptions (configurable via config and command line):
LogInit:  - bVerifyPeer = true  - Libcurl will verify peer certificate
LogInit:  - bUseHttpProxy = false  - Libcurl will NOT use HTTP proxy
LogInit:  - bDontReuseConnections = false  - Libcurl will reuse connections
LogInit:  - MaxHostConnections = 16  - Libcurl will limit the number of connections to a host
LogInit:  - LocalHostAddr = Default
LogInit:  - BufferSize = 65536
LogOnline: OSS: Creating online subsystem instance for: NULL
LogInit: WinSock: version 1.1 (2.2), MaxSocks=32767, MaxUdp=65467
LogInit: Build: ++UE4+Release-4.23-CL-8386587
LogInit: Engine Version: 4.23.0-8386587+++UE4+Release-4.23
LogInit: Compatible Engine Version: 4.23.0-8386587+++UE4+Release-4.23
LogInit: Net CL: 8386587
LogInit: OS: Windows 10 (Release 1809) (), CPU: Intel(R) Xeon(R) CPU E5-1650 v4 @ 3.60GHz, GPU: NVIDIA GeForce GTX 1080
LogInit: Compiled (64-bit): Aug 31 2019 02:04:44
LogInit: Compiled with Visual C++: 19.16.27030.01
LogInit: Build Configuration: Development
LogInit: Branch Name: ++UE4+Release-4.23
LogInit: Command Line:  -EpicPortal -epicusername=jackwabbit -epicuserid=4dcd56aad7a645e8a5912ac6881d7545 -epiclocale=en-GB
LogInit: Base Directory: C:/Program Files/Epic Games/UE_4.23/Engine/Binaries/Win64/
LogInit: Installed Engine Build: 1
LogDevObjectVersion: Number of dev versions registered: 23
LogDevObjectVersion:   Dev-Blueprints (B0D832E4-1F89-4F0D-ACCF-7EB736FD4AA2): 10
LogDevObjectVersion:   Dev-Build (E1C64328-A22C-4D53-A36C-8E866417BD8C): 0
LogDevObjectVersion:   Dev-Core (375EC13C-06E4-48FB-B500-84F0262A717E): 3
LogDevObjectVersion:   Dev-Editor (E4B068ED-F494-42E9-A231-DA0B2E46BB41): 34
LogDevObjectVersion:   Dev-Framework (CFFC743F-43B0-4480-9391-14DF171D2073): 35
LogDevObjectVersion:   Dev-Mobile (B02B49B5-BB20-44E9-A304-32B752E40360): 2
LogDevObjectVersion:   Dev-Networking (A4E4105C-59A1-49B5-A7C5-40C4547EDFEE): 0
LogDevObjectVersion:   Dev-Online (39C831C9-5AE6-47DC-9A44-9C173E1C8E7C): 0
LogDevObjectVersion:   Dev-Physics (78F01B33-EBEA-4F98-B9B4-84EACCB95AA2): 0
LogDevObjectVersion:   Dev-Platform (6631380F-2D4D-43E0-8009-CF276956A95A): 0
LogDevObjectVersion:   Dev-Rendering (12F88B9F-8875-4AFC-A67C-D90C383ABD29): 31
LogDevObjectVersion:   Dev-Sequencer (7B5AE74C-D270-4C10-A958-57980B212A5A): 11
LogDevObjectVersion:   Dev-VR (D7296918-1DD6-4BDD-9DE2-64A83CC13884): 2
LogDevObjectVersion:   Dev-LoadTimes (C2A15278-BFE7-4AFE-6C17-90FF531DF755): 1
LogDevObjectVersion:   Private-Geometry (6EACA3D4-40EC-4CC1-B786-8BED09428FC5): 3
LogDevObjectVersion:   Dev-AnimPhys (29E575DD-E0A3-4627-9D10-D276232CDCEA): 17
LogDevObjectVersion:   Dev-Anim (AF43A65D-7FD3-4947-9873-3E8ED9C1BB05): 2
LogDevObjectVersion:   Dev-ReflectionCapture (6B266CEC-1EC7-4B8F-A30B-E4D90942FC07): 1
LogDevObjectVersion:   Dev-Automation (0DF73D61-A23F-47EA-B727-89E90C41499A): 1
LogDevObjectVersion:   FortniteMain (601D1886-AC64-4F84-AA16-D3DE0DEAC7D6): 27
LogDevObjectVersion:   Dev-Enterprise (9DFFBCD6-494F-0158-E221-12823C92A888): 6
LogDevObjectVersion:   Dev-Niagara (F2AED0AC-9AFE-416F-8664-AA7FFA26D6FC): 1
LogDevObjectVersion:   Dev-Destruction (174F1F0B-B4C6-45A5-B13F-2EE8D0FB917D): 9
LogInit: Presizing for max 16777216 objects, including 0 objects not considered by GC, pre-allocating 0 bytes for permanent pool.
LogInit: Object subsystem initialized
LogConfig: Setting CVar [[con.DebugEarlyDefault:1]]
LogConfig: Setting CVar [[r.setres:1280x720]]
[2019.09.27-10.05.15:155][  0]LogConfig: Setting CVar [[r.VSync:0]]
[2019.09.27-10.05.15:155][  0]LogConfig: Setting CVar [[r.RHICmdBypass:0]]
[2019.09.27-10.05.15:155][  0]LogConfig: Applying CVar settings from Section [/Script/Engine.RendererSettings] File [D:/DRew/seminar_1/Saved/Config/Windows/Engine.ini]
[2019.09.27-10.05.15:155][  0]LogConfig: Setting CVar [[r.GPUCrashDebugging:0]]
[2019.09.27-10.05.15:156][  0]LogConfig: Setting CVar [[r.DefaultFeature.AutoExposure.ExtendDefaultLuminanceRange:1]]
[2019.09.27-10.05.15:156][  0]LogConfig: Applying CVar settings from Section [/Script/Engine.RendererOverrideSettings] File [D:/DRew/seminar_1/Saved/Config/Windows/Engine.ini]
[2019.09.27-10.05.15:156][  0]LogConfig: Applying CVar settings from Section [/Script/Engine.StreamingSettings] File [D:/DRew/seminar_1/Saved/Config/Windows/Engine.ini]
[2019.09.27-10.05.15:156][  0]LogConfig: Setting CVar [[s.MinBulkDataSizeForAsyncLoading:131072]]
[2019.09.27-10.05.15:156][  0]LogConfig: Setting CVar [[s.AsyncLoadingThreadEnabled:0]]
[2019.09.27-10.05.15:156][  0]LogConfig: Setting CVar [[s.EventDrivenLoaderEnabled:1]]
[2019.09.27-10.05.15:156][  0]LogConfig: Setting CVar [[s.WarnIfTimeLimitExceeded:0]]
[2019.09.27-10.05.15:156][  0]LogConfig: Setting CVar [[s.TimeLimitExceededMultiplier:1.5]]
[2019.09.27-10.05.15:156][  0]LogConfig: Setting CVar [[s.TimeLimitExceededMinTime:0.005]]
[2019.09.27-10.05.15:156][  0]LogConfig: Setting CVar [[s.UseBackgroundLevelStreaming:1]]
[2019.09.27-10.05.15:156][  0]LogConfig: Setting CVar [[s.PriorityAsyncLoadingExtraTime:15.0]]
[2019.09.27-10.05.15:156][  0]LogConfig: Setting CVar [[s.LevelStreamingActorsUpdateTimeLimit:5.0]]
[2019.09.27-10.05.15:156][  0]LogConfig: Setting CVar [[s.PriorityLevelStreamingActorsUpdateExtraTime:5.0]]
[2019.09.27-10.05.15:156][  0]LogConfig: Setting CVar [[s.LevelStreamingComponentsRegistrationGranularity:10]]
[2019.09.27-10.05.15:156][  0]LogConfig: Setting CVar [[s.UnregisterComponentsTimeLimit:1.0]]
[2019.09.27-10.05.15:156][  0]LogConfig: Setting CVar [[s.LevelStreamingComponentsUnregistrationGranularity:5]]
[2019.09.27-10.05.15:156][  0]LogConfig: Applying CVar settings from Section [/Script/Engine.GarbageCollectionSettings] File [D:/DRew/seminar_1/Saved/Config/Windows/Engine.ini]
[2019.09.27-10.05.15:156][  0]LogConfig: Setting CVar [[gc.MaxObjectsNotConsideredByGC:1]]
[2019.09.27-10.05.15:156][  0]LogConfig: Setting CVar [[gc.SizeOfPermanentObjectPool:0]]
[2019.09.27-10.05.15:156][  0]LogConfig: Setting CVar [[gc.FlushStreamingOnGC:0]]
[2019.09.27-10.05.15:156][  0]LogConfig: Setting CVar [[gc.NumRetriesBeforeForcingGC:10]]
[2019.09.27-10.05.15:156][  0]LogConfig: Setting CVar [[gc.AllowParallelGC:1]]
[2019.09.27-10.05.15:156][  0]LogConfig: Setting CVar [[gc.TimeBetweenPurgingPendingKillObjects:61.1]]
[2019.09.27-10.05.15:156][  0]LogConfig: Setting CVar [[gc.MaxObjectsInEditor:16777216]]
[2019.09.27-10.05.15:156][  0]LogConfig: Setting CVar [[gc.IncrementalBeginDestroyEnabled:1]]
[2019.09.27-10.05.15:156][  0]LogConfig: Setting CVar [[gc.CreateGCClusters:1]]
[2019.09.27-10.05.15:156][  0]LogConfig: Setting CVar [[gc.MinGCClusterSize:5]]
[2019.09.27-10.05.15:156][  0]LogConfig: Setting CVar [[gc.ActorClusteringEnabled:0]]
[2019.09.27-10.05.15:156][  0]LogConfig: Setting CVar [[gc.BlueprintClusteringEnabled:0]]
[2019.09.27-10.05.15:156][  0]LogConfig: Setting CVar [[gc.UseDisregardForGCOnDedicatedServers:0]]
[2019.09.27-10.05.15:156][  0]LogConfig: Applying CVar settings from Section [/Script/Engine.NetworkSettings] File [D:/DRew/seminar_1/Saved/Config/Windows/Engine.ini]
[2019.09.27-10.05.15:156][  0]LogConfig: Applying CVar settings from Section [/Script/UnrealEd.CookerSettings] File [D:/DRew/seminar_1/Saved/Config/Windows/Engine.ini]
[2019.09.27-10.05.15:159][  0]LogConfig: Applying CVar settings from Section [ViewDistanceQuality@3] File [D:/DRew/seminar_1/Saved/Config/Windows/Scalability.ini]
[2019.09.27-10.05.15:159][  0]LogConfig: Setting CVar [[r.SkeletalMeshLODBias:0]]
[2019.09.27-10.05.15:159][  0]LogConfig: Setting CVar [[r.ViewDistanceScale:1.0]]
[2019.09.27-10.05.15:159][  0]LogConfig: Applying CVar settings from Section [AntiAliasingQuality@3] File [D:/DRew/seminar_1/Saved/Config/Windows/Scalability.ini]
[2019.09.27-10.05.15:159][  0]LogConfig: Setting CVar [[r.PostProcessAAQuality:4]]
[2019.09.27-10.05.15:159][  0]LogConfig: Applying CVar settings from Section [ShadowQuality@3] File [D:/DRew/seminar_1/Saved/Config/Windows/Scalability.ini]
[2019.09.27-10.05.15:159][  0]LogConfig: Setting CVar [[r.LightFunctionQuality:1]]
[2019.09.27-10.05.15:159][  0]LogConfig: Setting CVar [[r.ShadowQuality:5]]
[2019.09.27-10.05.15:159][  0]LogConfig: Setting CVar [[r.Shadow.CSM.MaxCascades:10]]
[2019.09.27-10.05.15:159][  0]LogConfig: Setting CVar [[r.Shadow.MaxResolution:2048]]
[2019.09.27-10.05.15:159][  0]LogConfig: Setting CVar [[r.Shadow.MaxCSMResolution:2048]]
[2019.09.27-10.05.15:159][  0]LogConfig: Setting CVar [[r.Shadow.RadiusThreshold:0.01]]
[2019.09.27-10.05.15:159][  0]LogConfig: Setting CVar [[r.Shadow.DistanceScale:1.0]]
[2019.09.27-10.05.15:159][  0]LogConfig: Setting CVar [[r.Shadow.CSM.TransitionScale:1.0]]
[2019.09.27-10.05.15:159][  0]LogConfig: Setting CVar [[r.Shadow.PreShadowResolutionFactor:1.0]]
[2019.09.27-10.05.15:160][  0]LogConfig: Setting CVar [[r.DistanceFieldShadowing:1]]
[2019.09.27-10.05.15:160][  0]LogConfig: Setting CVar [[r.DistanceFieldAO:1]]
[2019.09.27-10.05.15:160][  0]LogConfig: Setting CVar [[r.AOQuality:2]]
[2019.09.27-10.05.15:160][  0]LogConfig: Setting CVar [[r.VolumetricFog:1]]
[2019.09.27-10.05.15:160][  0]LogConfig: Setting CVar [[r.VolumetricFog.GridPixelSize:8]]
[2019.09.27-10.05.15:160][  0]LogConfig: Setting CVar [[r.VolumetricFog.GridSizeZ:128]]
[2019.09.27-10.05.15:160][  0]LogConfig: Setting CVar [[r.VolumetricFog.HistoryMissSupersampleCount:4]]
[2019.09.27-10.05.15:160][  0]LogConfig: Setting CVar [[r.LightMaxDrawDistanceScale:1]]
[2019.09.27-10.05.15:160][  0]LogConfig: Setting CVar [[r.CapsuleShadows:1]]
[2019.09.27-10.05.15:160][  0]LogConfig: Applying CVar settings from Section [PostProcessQuality@3] File [D:/DRew/seminar_1/Saved/Config/Windows/Scalability.ini]
[2019.09.27-10.05.15:160][  0]LogConfig: Setting CVar [[r.MotionBlurQuality:4]]
[2019.09.27-10.05.15:160][  0]LogConfig: Setting CVar [[r.AmbientOcclusionMipLevelFactor:0.4]]
[2019.09.27-10.05.15:160][  0]LogConfig: Setting CVar [[r.AmbientOcclusionMaxQuality:100]]
[2019.09.27-10.05.15:160][  0]LogConfig: Setting CVar [[r.AmbientOcclusionLevels:-1]]
[2019.09.27-10.05.15:160][  0]LogConfig: Setting CVar [[r.AmbientOcclusionRadiusScale:1.0]]
[2019.09.27-10.05.15:160][  0]LogConfig: Setting CVar [[r.DepthOfFieldQuality:2]]
[2019.09.27-10.05.15:160][  0]LogConfig: Setting CVar [[r.RenderTargetPoolMin:400]]
[2019.09.27-10.05.15:160][  0]LogConfig: Setting CVar [[r.LensFlareQuality:2]]
[2019.09.27-10.05.15:160][  0]LogConfig: Setting CVar [[r.SceneColorFringeQuality:1]]
[2019.09.27-10.05.15:160][  0]LogConfig: Setting CVar [[r.EyeAdaptationQuality:2]]
[2019.09.27-10.05.15:160][  0]LogConfig: Setting CVar [[r.BloomQuality:5]]
[2019.09.27-10.05.15:160][  0]LogConfig: Setting CVar [[r.FastBlurThreshold:100]]
[2019.09.27-10.05.15:160][  0]LogConfig: Setting CVar [[r.Upscale.Quality:3]]
[2019.09.27-10.05.15:160][  0]LogConfig: Setting CVar [[r.Tonemapper.GrainQuantization:1]]
[2019.09.27-10.05.15:160][  0]LogConfig: Setting CVar [[r.LightShaftQuality:1]]
[2019.09.27-10.05.15:160][  0]LogConfig: Setting CVar [[r.Filter.SizeScale:1]]
[2019.09.27-10.05.15:160][  0]LogConfig: Setting CVar [[r.Tonemapper.Quality:5]]
[2019.09.27-10.05.15:160][  0]LogConfig: Setting CVar [[r.DOF.Gather.AccumulatorQuality:1        ; higher gathering accumulator quality]]
[2019.09.27-10.05.15:160][  0]LogConfig: Setting CVar [[r.DOF.Gather.PostfilterMethod:1          ; Median3x3 postfilering method]]
[2019.09.27-10.05.15:160][  0]LogConfig: Setting CVar [[r.DOF.Gather.EnableBokehSettings:0       ; no bokeh simulation when gathering]]
[2019.09.27-10.05.15:160][  0]LogConfig: Setting CVar [[r.DOF.Gather.RingCount:4                 ; medium number of samples when gathering]]
[2019.09.27-10.05.15:160][  0]LogConfig: Setting CVar [[r.DOF.Scatter.ForegroundCompositing:1    ; additive foreground scattering]]
[2019.09.27-10.05.15:160][  0]LogConfig: Setting CVar [[r.DOF.Scatter.BackgroundCompositing:2    ; additive background scattering]]
[2019.09.27-10.05.15:160][  0]LogConfig: Setting CVar [[r.DOF.Scatter.EnableBokehSettings:1      ; bokeh simulation when scattering]]
[2019.09.27-10.05.15:160][  0]LogConfig: Setting CVar [[r.DOF.Scatter.MaxSpriteRatio:0.1         ; only a maximum of 10% of scattered bokeh]]
[2019.09.27-10.05.15:160][  0]LogConfig: Setting CVar [[r.DOF.Recombine.Quality:1                ; cheap slight out of focus]]
[2019.09.27-10.05.15:160][  0]LogConfig: Setting CVar [[r.DOF.Recombine.EnableBokehSettings:0    ; no bokeh simulation on slight out of focus]]
[2019.09.27-10.05.15:160][  0]LogConfig: Setting CVar [[r.DOF.TemporalAAQuality:1                ; more stable temporal accumulation]]
[2019.09.27-10.05.15:160][  0]LogConfig: Setting CVar [[r.DOF.Kernel.MaxForegroundRadius:0.025]]
[2019.09.27-10.05.15:160][  0]LogConfig: Setting CVar [[r.DOF.Kernel.MaxBackgroundRadius:0.025]]
[2019.09.27-10.05.15:160][  0]LogConfig: Applying CVar settings from Section [TextureQuality@3] File [D:/DRew/seminar_1/Saved/Config/Windows/Scalability.ini]
[2019.09.27-10.05.15:160][  0]LogConfig: Setting CVar [[r.Streaming.MipBias:0]]
[2019.09.27-10.05.15:160][  0]LogConfig: Setting CVar [[r.Streaming.AmortizeCPUToGPUCopy:0]]
[2019.09.27-10.05.15:160][  0]LogConfig: Setting CVar [[r.Streaming.MaxNumTexturesToStreamPerFrame:0]]
[2019.09.27-10.05.15:160][  0]LogConfig: Setting CVar [[r.Streaming.Boost:1]]
[2019.09.27-10.05.15:160][  0]LogConfig: Setting CVar [[r.MaxAnisotropy:8]]
[2019.09.27-10.05.15:160][  0]LogConfig: Setting CVar [[r.Streaming.LimitPoolSizeToVRAM:0]]
[2019.09.27-10.05.15:160][  0]LogConfig: Setting CVar [[r.Streaming.PoolSize:1000]]
[2019.09.27-10.05.15:160][  0]LogConfig: Setting CVar [[r.Streaming.MaxEffectiveScreenSize:0]]
[2019.09.27-10.05.15:160][  0]LogConfig: Applying CVar settings from Section [EffectsQuality@3] File [D:/DRew/seminar_1/Saved/Config/Windows/Scalability.ini]
[2019.09.27-10.05.15:160][  0]LogConfig: Setting CVar [[r.TranslucencyLightingVolumeDim:64]]
[2019.09.27-10.05.15:160][  0]LogConfig: Setting CVar [[r.RefractionQuality:2]]
[2019.09.27-10.05.15:160][  0]LogConfig: Setting CVar [[r.SSR.Quality:3]]
[2019.09.27-10.05.15:160][  0]LogConfig: Setting CVar [[r.SceneColorFormat:4]]
[2019.09.27-10.05.15:160][  0]LogConfig: Setting CVar [[r.DetailMode:2]]
[2019.09.27-10.05.15:160][  0]LogConfig: Setting CVar [[r.TranslucencyVolumeBlur:1]]
[2019.09.27-10.05.15:160][  0]LogConfig: Setting CVar [[r.MaterialQualityLevel:1 ; High quality]]
[2019.09.27-10.05.15:160][  0]LogConfig: Setting CVar [[r.SSS.Scale:1]]
[2019.09.27-10.05.15:160][  0]LogConfig: Setting CVar [[r.SSS.SampleSet:2]]
[2019.09.27-10.05.15:160][  0]LogConfig: Setting CVar [[r.SSS.Quality:1]]
[2019.09.27-10.05.15:160][  0]LogConfig: Setting CVar [[r.SSS.HalfRes:1]]
[2019.09.27-10.05.15:160][  0]LogConfig: Setting CVar [[r.EmitterSpawnRateScale:1.0]]
[2019.09.27-10.05.15:160][  0]LogConfig: Setting CVar [[r.ParticleLightQuality:2]]
[2019.09.27-10.05.15:160][  0]LogConfig: Applying CVar settings from Section [FoliageQuality@3] File [D:/DRew/seminar_1/Saved/Config/Windows/Scalability.ini]
[2019.09.27-10.05.15:160][  0]LogConfig: Setting CVar [[foliage.DensityScale:1.0]]
[2019.09.27-10.05.15:160][  0]LogConfig: Setting CVar [[grass.DensityScale:1.0]]
[2019.09.27-10.05.15:160][  0]LogInit: Selected Device Profile: [Windows]
[2019.09.27-10.05.15:160][  0]LogInit: Applying CVar settings loaded from the selected device profile: [Windows]
[2019.09.27-10.05.15:168][  0]LogHAL: Display: Platform has ~ 32 GB [34278047744 / 34359738368 / 32], which maps to Largest [LargestMinGB=32, LargerMinGB=12, DefaultMinGB=8, SmallerMinGB=6, SmallestMinGB=0)
[2019.09.27-10.05.15:168][  0]LogInit: Going up to parent DeviceProfile []
[2019.09.27-10.05.15:168][  0]LogConfig: Applying CVar settings from Section [ViewDistanceQuality@3] File [D:/DRew/seminar_1/Saved/Config/Windows/Scalability.ini]
[2019.09.27-10.05.15:168][  0]LogConfig: Setting CVar [[r.SkeletalMeshLODBias:0]]
[2019.09.27-10.05.15:168][  0]LogConfig: Setting CVar [[r.ViewDistanceScale:1.0]]
[2019.09.27-10.05.15:168][  0]LogConfig: Applying CVar settings from Section [AntiAliasingQuality@3] File [D:/DRew/seminar_1/Saved/Config/Windows/Scalability.ini]
[2019.09.27-10.05.15:168][  0]LogConfig: Setting CVar [[r.PostProcessAAQuality:4]]
[2019.09.27-10.05.15:168][  0]LogConfig: Applying CVar settings from Section [ShadowQuality@3] File [D:/DRew/seminar_1/Saved/Config/Windows/Scalability.ini]
[2019.09.27-10.05.15:168][  0]LogConfig: Setting CVar [[r.LightFunctionQuality:1]]
[2019.09.27-10.05.15:168][  0]LogConfig: Setting CVar [[r.ShadowQuality:5]]
[2019.09.27-10.05.15:168][  0]LogConfig: Setting CVar [[r.Shadow.CSM.MaxCascades:10]]
[2019.09.27-10.05.15:168][  0]LogConfig: Setting CVar [[r.Shadow.MaxResolution:2048]]
[2019.09.27-10.05.15:168][  0]LogConfig: Setting CVar [[r.Shadow.MaxCSMResolution:2048]]
[2019.09.27-10.05.15:168][  0]LogConfig: Setting CVar [[r.Shadow.RadiusThreshold:0.01]]
[2019.09.27-10.05.15:168][  0]LogConfig: Setting CVar [[r.Shadow.DistanceScale:1.0]]
[2019.09.27-10.05.15:168][  0]LogConfig: Setting CVar [[r.Shadow.CSM.TransitionScale:1.0]]
[2019.09.27-10.05.15:168][  0]LogConfig: Setting CVar [[r.Shadow.PreShadowResolutionFactor:1.0]]
[2019.09.27-10.05.15:168][  0]LogConfig: Setting CVar [[r.DistanceFieldShadowing:1]]
[2019.09.27-10.05.15:168][  0]LogConfig: Setting CVar [[r.DistanceFieldAO:1]]
[2019.09.27-10.05.15:168][  0]LogConfig: Setting CVar [[r.AOQuality:2]]
[2019.09.27-10.05.15:168][  0]LogConfig: Setting CVar [[r.VolumetricFog:1]]
[2019.09.27-10.05.15:168][  0]LogConfig: Setting CVar [[r.VolumetricFog.GridPixelSize:8]]
[2019.09.27-10.05.15:168][  0]LogConfig: Setting CVar [[r.VolumetricFog.GridSizeZ:128]]
[2019.09.27-10.05.15:168][  0]LogConfig: Setting CVar [[r.VolumetricFog.HistoryMissSupersampleCount:4]]
[2019.09.27-10.05.15:168][  0]LogConfig: Setting CVar [[r.LightMaxDrawDistanceScale:1]]
[2019.09.27-10.05.15:168][  0]LogConfig: Setting CVar [[r.CapsuleShadows:1]]
[2019.09.27-10.05.15:168][  0]LogConfig: Applying CVar settings from Section [PostProcessQuality@3] File [D:/DRew/seminar_1/Saved/Config/Windows/Scalability.ini]
[2019.09.27-10.05.15:168][  0]LogConfig: Setting CVar [[r.MotionBlurQuality:4]]
[2019.09.27-10.05.15:168][  0]LogConfig: Setting CVar [[r.AmbientOcclusionMipLevelFactor:0.4]]
[2019.09.27-10.05.15:168][  0]LogConfig: Setting CVar [[r.AmbientOcclusionMaxQuality:100]]
[2019.09.27-10.05.15:168][  0]LogConfig: Setting CVar [[r.AmbientOcclusionLevels:-1]]
[2019.09.27-10.05.15:168][  0]LogConfig: Setting CVar [[r.AmbientOcclusionRadiusScale:1.0]]
[2019.09.27-10.05.15:168][  0]LogConfig: Setting CVar [[r.DepthOfFieldQuality:2]]
[2019.09.27-10.05.15:168][  0]LogConfig: Setting CVar [[r.RenderTargetPoolMin:400]]
[2019.09.27-10.05.15:168][  0]LogConfig: Setting CVar [[r.LensFlareQuality:2]]
[2019.09.27-10.05.15:168][  0]LogConfig: Setting CVar [[r.SceneColorFringeQuality:1]]
[2019.09.27-10.05.15:168][  0]LogConfig: Setting CVar [[r.EyeAdaptationQuality:2]]
[2019.09.27-10.05.15:168][  0]LogConfig: Setting CVar [[r.BloomQuality:5]]
[2019.09.27-10.05.15:168][  0]LogConfig: Setting CVar [[r.FastBlurThreshold:100]]
[2019.09.27-10.05.15:168][  0]LogConfig: Setting CVar [[r.Upscale.Quality:3]]
[2019.09.27-10.05.15:168][  0]LogConfig: Setting CVar [[r.Tonemapper.GrainQuantization:1]]
[2019.09.27-10.05.15:168][  0]LogConfig: Setting CVar [[r.LightShaftQuality:1]]
[2019.09.27-10.05.15:168][  0]LogConfig: Setting CVar [[r.Filter.SizeScale:1]]
[2019.09.27-10.05.15:168][  0]LogConfig: Setting CVar [[r.Tonemapper.Quality:5]]
[2019.09.27-10.05.15:168][  0]LogConfig: Setting CVar [[r.DOF.Gather.AccumulatorQuality:1        ; higher gathering accumulator quality]]
[2019.09.27-10.05.15:168][  0]LogConfig: Setting CVar [[r.DOF.Gather.PostfilterMethod:1          ; Median3x3 postfilering method]]
[2019.09.27-10.05.15:168][  0]LogConfig: Setting CVar [[r.DOF.Gather.EnableBokehSettings:0       ; no bokeh simulation when gathering]]
[2019.09.27-10.05.15:168][  0]LogConfig: Setting CVar [[r.DOF.Gather.RingCount:4                 ; medium number of samples when gathering]]
[2019.09.27-10.05.15:168][  0]LogConfig: Setting CVar [[r.DOF.Scatter.ForegroundCompositing:1    ; additive foreground scattering]]
[2019.09.27-10.05.15:168][  0]LogConfig: Setting CVar [[r.DOF.Scatter.BackgroundCompositing:2    ; additive background scattering]]
[2019.09.27-10.05.15:168][  0]LogConfig: Setting CVar [[r.DOF.Scatter.EnableBokehSettings:1      ; bokeh simulation when scattering]]
[2019.09.27-10.05.15:168][  0]LogConfig: Setting CVar [[r.DOF.Scatter.MaxSpriteRatio:0.1         ; only a maximum of 10% of scattered bokeh]]
[2019.09.27-10.05.15:168][  0]LogConfig: Setting CVar [[r.DOF.Recombine.Quality:1                ; cheap slight out of focus]]
[2019.09.27-10.05.15:168][  0]LogConfig: Setting CVar [[r.DOF.Recombine.EnableBokehSettings:0    ; no bokeh simulation on slight out of focus]]
[2019.09.27-10.05.15:168][  0]LogConfig: Setting CVar [[r.DOF.TemporalAAQuality:1                ; more stable temporal accumulation]]
[2019.09.27-10.05.15:168][  0]LogConfig: Setting CVar [[r.DOF.Kernel.MaxForegroundRadius:0.025]]
[2019.09.27-10.05.15:168][  0]LogConfig: Setting CVar [[r.DOF.Kernel.MaxBackgroundRadius:0.025]]
[2019.09.27-10.05.15:168][  0]LogConfig: Applying CVar settings from Section [TextureQuality@3] File [D:/DRew/seminar_1/Saved/Config/Windows/Scalability.ini]
[2019.09.27-10.05.15:168][  0]LogConfig: Setting CVar [[r.Streaming.MipBias:0]]
[2019.09.27-10.05.15:168][  0]LogConfig: Setting CVar [[r.Streaming.AmortizeCPUToGPUCopy:0]]
[2019.09.27-10.05.15:168][  0]LogConfig: Setting CVar [[r.Streaming.MaxNumTexturesToStreamPerFrame:0]]
[2019.09.27-10.05.15:168][  0]LogConfig: Setting CVar [[r.Streaming.Boost:1]]
[2019.09.27-10.05.15:168][  0]LogConfig: Setting CVar [[r.MaxAnisotropy:8]]
[2019.09.27-10.05.15:168][  0]LogConfig: Setting CVar [[r.Streaming.LimitPoolSizeToVRAM:0]]
[2019.09.27-10.05.15:168][  0]LogConfig: Setting CVar [[r.Streaming.PoolSize:1000]]
[2019.09.27-10.05.15:168][  0]LogConfig: Setting CVar [[r.Streaming.MaxEffectiveScreenSize:0]]
[2019.09.27-10.05.15:168][  0]LogConfig: Applying CVar settings from Section [EffectsQuality@3] File [D:/DRew/seminar_1/Saved/Config/Windows/Scalability.ini]
[2019.09.27-10.05.15:168][  0]LogConfig: Setting CVar [[r.TranslucencyLightingVolumeDim:64]]
[2019.09.27-10.05.15:168][  0]LogConfig: Setting CVar [[r.RefractionQuality:2]]
[2019.09.27-10.05.15:168][  0]LogConfig: Setting CVar [[r.SSR.Quality:3]]
[2019.09.27-10.05.15:168][  0]LogConfig: Setting CVar [[r.SceneColorFormat:4]]
[2019.09.27-10.05.15:168][  0]LogConfig: Setting CVar [[r.DetailMode:2]]
[2019.09.27-10.05.15:168][  0]LogConfig: Setting CVar [[r.TranslucencyVolumeBlur:1]]
[2019.09.27-10.05.15:168][  0]LogConfig: Setting CVar [[r.MaterialQualityLevel:1 ; High quality]]
[2019.09.27-10.05.15:168][  0]LogConfig: Setting CVar [[r.SSS.Scale:1]]
[2019.09.27-10.05.15:168][  0]LogConfig: Setting CVar [[r.SSS.SampleSet:2]]
[2019.09.27-10.05.15:168][  0]LogConfig: Setting CVar [[r.SSS.Quality:1]]
[2019.09.27-10.05.15:168][  0]LogConfig: Setting CVar [[r.SSS.HalfRes:1]]
[2019.09.27-10.05.15:168][  0]LogConfig: Setting CVar [[r.EmitterSpawnRateScale:1.0]]
[2019.09.27-10.05.15:168][  0]LogConfig: Setting CVar [[r.ParticleLightQuality:2]]
[2019.09.27-10.05.15:168][  0]LogConfig: Applying CVar settings from Section [FoliageQuality@3] File [D:/DRew/seminar_1/Saved/Config/Windows/Scalability.ini]
[2019.09.27-10.05.15:168][  0]LogConfig: Setting CVar [[foliage.DensityScale:1.0]]
[2019.09.27-10.05.15:168][  0]LogConfig: Setting CVar [[grass.DensityScale:1.0]]
[2019.09.27-10.05.15:168][  0]LogConfig: Applying CVar settings from Section [Startup] File [../../../Engine/Config/ConsoleVariables.ini]
[2019.09.27-10.05.15:169][  0]LogConfig: Setting CVar [[net.UseAdaptiveNetUpdateFrequency:0]]
[2019.09.27-10.05.15:169][  0]LogConfig: Setting CVar [[p.chaos.AllowCreatePhysxBodies:1]]
[2019.09.27-10.05.15:169][  0]LogConfig: Applying CVar settings from Section [ConsoleVariables] File [D:/DRew/seminar_1/Saved/Config/Windows/Engine.ini]
[2019.09.27-10.05.15:169][  0]LogInit: Computer: C-02503
[2019.09.27-10.05.15:169][  0]LogInit: User: 1802624
[2019.09.27-10.05.15:169][  0]LogInit: CPU Page size=4096, Cores=6
[2019.09.27-10.05.15:169][  0]LogInit: High frequency timer resolution =10.000000 MHz
[2019.09.27-10.05.15:169][  0]LogMemory: Memory total: Physical=31.9GB (32GB approx)
[2019.09.27-10.05.15:169][  0]LogMemory: Platform Memory Stats for Windows
[2019.09.27-10.05.15:169][  0]LogMemory: Process Physical Memory: 102.52 MB used, 102.52 MB peak
[2019.09.27-10.05.15:169][  0]LogMemory: Process Virtual Memory: 90.95 MB used, 90.95 MB peak
[2019.09.27-10.05.15:169][  0]LogMemory: Physical Memory: 8889.82 MB used,  23800.27 MB free, 32690.09 MB total
[2019.09.27-10.05.15:169][  0]LogMemory: Virtual Memory: 4677.09 MB used,  134213048.00 MB free, 134217728.00 MB total
[2019.09.27-10.05.15:172][  0]LogWindows: WindowsPlatformFeatures enabled
[2019.09.27-10.05.15:207][  0]LogInit: Using OS detected language (en-GB).
[2019.09.27-10.05.15:207][  0]LogInit: Using OS detected locale (en-GB).
[2019.09.27-10.05.15:209][  0]LogTextLocalizationManager: No specific localization for 'en-GB' exists, so the 'en' localization will be used.
[2019.09.27-10.05.15:433][  0]LogInit: Setting process to per monitor DPI aware
[2019.09.27-10.05.15:479][  0]LogSlate: New Slate User Created.  User Index 0, Is Virtual User: 0
[2019.09.27-10.05.15:479][  0]LogSlate: Slate User Registered.  User Index 0, Is Virtual User: 0
[2019.09.27-10.05.15:829][  0]LogHMD: Failed to initialize OpenVR with code 110
[2019.09.27-10.05.15:829][  0]LogD3D11RHI: D3D11 adapters:
[2019.09.27-10.05.15:926][  0]LogD3D11RHI:    0. 'NVIDIA GeForce GTX 1080' (Feature Level 11_0)
[2019.09.27-10.05.15:926][  0]LogD3D11RHI:       8079/0/16345 MB DedicatedVideo/DedicatedSystem/SharedSystem, Outputs:1, VendorId:0x10de
[2019.09.27-10.05.15:929][  0]LogD3D11RHI:    1. 'Microsoft Basic Render Driver' (Feature Level 11_0)
[2019.09.27-10.05.15:929][  0]LogD3D11RHI:       0/0/16345 MB DedicatedVideo/DedicatedSystem/SharedSystem, Outputs:0, VendorId:0x1414
[2019.09.27-10.05.15:929][  0]LogD3D11RHI: Chosen D3D11 Adapter: 0
[2019.09.27-10.05.15:937][  0]LogD3D11RHI: Creating new Direct3DDevice
[2019.09.27-10.05.15:937][  0]LogD3D11RHI:     GPU DeviceId: 0x1b80 (for the marketing name, search the web for "GPU Device Id")
[2019.09.27-10.05.15:937][  0]LogWindows: EnumDisplayDevices:
[2019.09.27-10.05.15:938][  0]LogWindows:    0. 'NVIDIA GeForce GTX 1080' (P:1 D:1)
[2019.09.27-10.05.15:938][  0]LogWindows:    1. 'NVIDIA GeForce GTX 1080' (P:0 D:0)
[2019.09.27-10.05.15:939][  0]LogWindows:    2. 'NVIDIA GeForce GTX 1080' (P:0 D:0)
[2019.09.27-10.05.15:940][  0]LogWindows:    3. 'NVIDIA GeForce GTX 1080' (P:0 D:0)
[2019.09.27-10.05.15:941][  0]LogWindows: DebugString: FoundDriverCount:4 
[2019.09.27-10.05.15:941][  0]LogD3D11RHI:     Adapter Name: NVIDIA GeForce GTX 1080
[2019.09.27-10.05.15:941][  0]LogD3D11RHI:   Driver Version: 431.60 (internal:26.21.14.3160, unified:431.60)
[2019.09.27-10.05.15:941][  0]LogD3D11RHI:      Driver Date: 7-17-2019
[2019.09.27-10.05.15:941][  0]LogRHI: Texture pool is 5655 MB (70% of 8079 MB)
[2019.09.27-10.05.15:997][  0]LogD3D11RHI: Async texture creation enabled
[2019.09.27-10.05.16:021][  0]LogD3D11RHI: GPU Timing Frequency: 1000.000000 (Debug: 2 1)
[2019.09.27-10.05.16:568][  0]LogTemp: Display: Module 'AllDesktopTargetPlatform' loaded TargetPlatform 'AllDesktop'
[2019.09.27-10.05.16:578][  0]LogTemp: Display: Module 'MacClientTargetPlatform' loaded TargetPlatform 'MacClient'
[2019.09.27-10.05.16:588][  0]LogTemp: Display: Module 'MacNoEditorTargetPlatform' loaded TargetPlatform 'MacNoEditor'
[2019.09.27-10.05.16:598][  0]LogTemp: Display: Module 'MacServerTargetPlatform' loaded TargetPlatform 'MacServer'
[2019.09.27-10.05.16:611][  0]LogTemp: Display: Module 'MacTargetPlatform' loaded TargetPlatform 'Mac'
[2019.09.27-10.05.16:622][  0]LogTemp: Display: Module 'WindowsClientTargetPlatform' loaded TargetPlatform 'WindowsClient'
[2019.09.27-10.05.16:632][  0]LogTemp: Display: Module 'WindowsNoEditorTargetPlatform' loaded TargetPlatform 'WindowsNoEditor'
[2019.09.27-10.05.16:642][  0]LogTemp: Display: Module 'WindowsServerTargetPlatform' loaded TargetPlatform 'WindowsServer'
[2019.09.27-10.05.16:647][  0]LogTemp: Display: Module 'WindowsTargetPlatform' loaded TargetPlatform 'Windows'
[2019.09.27-10.05.16:685][  0]LogTemp: Display: Module 'AndroidTargetPlatform' loaded TargetPlatform 'Android'
[2019.09.27-10.05.16:685][  0]LogTemp: Display: Module 'AndroidTargetPlatform' loaded TargetPlatform 'Android_ASTC'
[2019.09.27-10.05.16:685][  0]LogTemp: Display: Module 'AndroidTargetPlatform' loaded TargetPlatform 'Android_ATC'
[2019.09.27-10.05.16:685][  0]LogTemp: Display: Module 'AndroidTargetPlatform' loaded TargetPlatform 'Android_DXT'
[2019.09.27-10.05.16:685][  0]LogTemp: Display: Module 'AndroidTargetPlatform' loaded TargetPlatform 'Android_ETC1'
[2019.09.27-10.05.16:685][  0]LogTemp: Display: Module 'AndroidTargetPlatform' loaded TargetPlatform 'Android_ETC1a'
[2019.09.27-10.05.16:685][  0]LogTemp: Display: Module 'AndroidTargetPlatform' loaded TargetPlatform 'Android_ETC2'
[2019.09.27-10.05.16:685][  0]LogTemp: Display: Module 'AndroidTargetPlatform' loaded TargetPlatform 'Android_PVRTC'
[2019.09.27-10.05.16:685][  0]LogTemp: Display: Module 'AndroidTargetPlatform' loaded TargetPlatform 'AndroidClient'
[2019.09.27-10.05.16:685][  0]LogTemp: Display: Module 'AndroidTargetPlatform' loaded TargetPlatform 'Android_ASTCClient'
[2019.09.27-10.05.16:685][  0]LogTemp: Display: Module 'AndroidTargetPlatform' loaded TargetPlatform 'Android_ATCClient'
[2019.09.27-10.05.16:685][  0]LogTemp: Display: Module 'AndroidTargetPlatform' loaded TargetPlatform 'Android_DXTClient'
[2019.09.27-10.05.16:685][  0]LogTemp: Display: Module 'AndroidTargetPlatform' loaded TargetPlatform 'Android_ETC1Client'
[2019.09.27-10.05.16:685][  0]LogTemp: Display: Module 'AndroidTargetPlatform' loaded TargetPlatform 'Android_ETC1aClient'
[2019.09.27-10.05.16:685][  0]LogTemp: Display: Module 'AndroidTargetPlatform' loaded TargetPlatform 'Android_ETC2Client'
[2019.09.27-10.05.16:685][  0]LogTemp: Display: Module 'AndroidTargetPlatform' loaded TargetPlatform 'Android_PVRTCClient'
[2019.09.27-10.05.16:685][  0]LogTemp: Display: Module 'AndroidTargetPlatform' loaded TargetPlatform 'Android_Multi'
[2019.09.27-10.05.16:685][  0]LogTemp: Display: Module 'AndroidTargetPlatform' loaded TargetPlatform 'Android_MultiClient'
[2019.09.27-10.05.16:689][  0]LogTemp: Display: Module 'HTML5TargetPlatform' loaded TargetPlatform 'HTML5'
[2019.09.27-10.05.16:723][  0]LogTemp: Display: Module 'IOSTargetPlatform' loaded TargetPlatform 'IOSClient'
[2019.09.27-10.05.16:723][  0]LogTemp: Display: Module 'IOSTargetPlatform' loaded TargetPlatform 'IOS'
[2019.09.27-10.05.16:740][  0]LogTemp: Display: Module 'TVOSTargetPlatform' loaded TargetPlatform 'TVOSClient'
[2019.09.27-10.05.16:740][  0]LogTemp: Display: Module 'TVOSTargetPlatform' loaded TargetPlatform 'TVOS'
[2019.09.27-10.05.16:749][  0]LogTemp: Display: Module 'LinuxClientTargetPlatform' loaded TargetPlatform 'LinuxClient'
[2019.09.27-10.05.16:757][  0]LogTemp: Display: Module 'LinuxNoEditorTargetPlatform' loaded TargetPlatform 'LinuxNoEditor'
[2019.09.27-10.05.16:765][  0]LogTemp: Display: Module 'LinuxServerTargetPlatform' loaded TargetPlatform 'LinuxServer'
[2019.09.27-10.05.16:777][  0]LogTemp: Display: Module 'LinuxTargetPlatform' loaded TargetPlatform 'Linux'
[2019.09.27-10.05.16:805][  0]LogTemp: Display: Module 'LuminTargetPlatform' loaded TargetPlatform 'Lumin'
[2019.09.27-10.05.16:805][  0]LogTemp: Display: Module 'LuminTargetPlatform' loaded TargetPlatform 'LuminClient'
[2019.09.27-10.05.16:805][  0]LogTargetPlatformManager: Display: Building Assets For Windows
[2019.09.27-10.05.16:816][  0]LogAudioDebug: Display: Lib vorbis DLL was dynamically loaded.
[2019.09.27-10.05.16:883][  0]LogShaderCompilers: Guid format shader working directory is 30 characters bigger than the processId version (D:/DRew/seminar_1/Intermediate/Shaders/WorkingDirectory/19440/).
[2019.09.27-10.05.16:883][  0]LogShaderCompilers: Cleaned the shader compiler working directory 'C:/Users/1802624/AppData/Local/Temp/UnrealShaderWorkingDir/255D616D4D68BC2EFB07E38C0A9E3162/'.
[2019.09.27-10.05.16:886][  0]LogXGEController: Cannot use XGE Controller as Incredibuild is not installed on this machine.
[2019.09.27-10.05.16:886][  0]LogShaderCompilers: Cannot use XGE Shader Compiler as Incredibuild is not installed on this machine.
[2019.09.27-10.05.16:886][  0]LogShaderCompilers: Display: Using Local Shader Compiler.
[2019.09.27-10.05.17:626][  0]LogDerivedDataCache: Display: Max Cache Size: 512 MB
[2019.09.27-10.05.17:692][  0]LogDerivedDataCache: Loaded boot cache 0.07s 73MB C:/Users/1802624/AppData/Local/UnrealEngine/4.23/DerivedDataCache/Boot.ddc.
[2019.09.27-10.05.17:692][  0]LogDerivedDataCache: Display: Loaded Boot cache: C:/Users/1802624/AppData/Local/UnrealEngine/4.23/DerivedDataCache/Boot.ddc
[2019.09.27-10.05.17:692][  0]LogDerivedDataCache: FDerivedDataBackendGraph:  Pak pak cache file D:/DRew/seminar_1/DerivedDataCache/DDC.ddp not found, will not use a pak cache.
[2019.09.27-10.05.17:692][  0]LogDerivedDataCache: Unable to find inner node Pak for hierarchical cache Hierarchy.
[2019.09.27-10.05.17:692][  0]LogDerivedDataCache: FDerivedDataBackendGraph:  CompressedPak pak cache file D:/DRew/seminar_1/DerivedDataCache/Compressed.ddp not found, will not use a pak cache.
[2019.09.27-10.05.17:692][  0]LogDerivedDataCache: Unable to find inner node CompressedPak for hierarchical cache Hierarchy.
[2019.09.27-10.05.17:703][  0]LogDerivedDataCache: Display: Pak cache opened for reading ../../../Engine/DerivedDataCache/Compressed.ddp.
[2019.09.27-10.05.17:703][  0]LogDerivedDataCache: FDerivedDataBackendGraph:  EnterprisePak pak cache file ../../../Enterprise/DerivedDataCache/Compressed.ddp not found, will not use a pak cache.
[2019.09.27-10.05.17:703][  0]LogDerivedDataCache: Unable to find inner node EnterprisePak for hierarchical cache Hierarchy.
[2019.09.27-10.05.17:706][  0]LogDerivedDataCache: Using Local data cache path C:/Users/1802624/AppData/Local/UnrealEngine/Common/DerivedDataCache: Writable
[2019.09.27-10.05.17:706][  0]LogDerivedDataCache: Shared data cache path not found in *engine.ini, will not use an Shared cache.
[2019.09.27-10.05.17:706][  0]LogDerivedDataCache: Unable to find inner node Shared for hierarchical cache Hierarchy.
[2019.09.27-10.05.17:726][  0]LogMaterial: Verifying Global Shaders for PCD3D_SM5
[2019.09.27-10.05.17:729][  0]LogSlate: Using FreeType 2.6.0
[2019.09.27-10.05.17:730][  0]LogSlate: SlateFontServices - WITH_FREETYPE: 1, WITH_HARFBUZZ: 1
[2019.09.27-10.05.17:832][  0]LogAssetRegistry: FAssetRegistry took 0.0033 seconds to start up
[2019.09.27-10.05.18:132][  0]LogInit: Selected Device Profile: [Windows]
[2019.09.27-10.05.18:317][  0]LogMeshReduction: Using QuadricMeshReduction for automatic static mesh reduction
[2019.09.27-10.05.18:317][  0]LogMeshReduction: Using SimplygonMeshReduction for automatic skeletal mesh reduction
[2019.09.27-10.05.18:317][  0]LogMeshReduction: Using ProxyLODMeshReduction for automatic mesh merging
[2019.09.27-10.05.18:317][  0]LogMeshReduction: No distributed automatic mesh merging module available
[2019.09.27-10.05.18:317][  0]LogMeshMerging: No distributed automatic mesh merging module available
[2019.09.27-10.05.18:328][  0]LogNetVersion: seminar_1 1.0.0, NetCL: 8386587, EngineNetVer: 11, GameNetVer: 0 (Checksum: 2814940301)
[2019.09.27-10.05.18:904][  0]LogPackageLocalizationCache: Processed 12 localized package path(s) for 1 prioritized culture(s) in 0.061467 seconds
[2019.09.27-10.05.18:910][  0]LogUObjectArray: 43444 objects as part of root set at end of initial load.
[2019.09.27-10.05.18:910][  0]LogUObjectAllocator: 7548648 out of 0 bytes used by permanent object pool.
[2019.09.27-10.05.18:910][  0]LogUObjectArray: CloseDisregardForGC: 0/0 objects in disregard for GC pool
[2019.09.27-10.05.20:361][  0]LogTcpMessaging: Initializing TcpMessaging bridge
[2019.09.27-10.05.20:365][  0]LogUdpMessaging: Initializing bridge on interface 0.0.0.0:0 to multicast group 230.0.0.1:6666.
[2019.09.27-10.05.20:528][  0]SourceControl: Source control is disabled
[2019.09.27-10.05.20:528][  0]SourceControl: Source control is disabled
[2019.09.27-10.05.20:530][  0]SourceControl: Source control is disabled
[2019.09.27-10.05.20:532][  0]SourceControl: Source control is disabled
[2019.09.27-10.05.20:667][  0]LogAndroidPermission: UAndroidPermissionCallbackProxy::GetInstance
[2019.09.27-10.05.20:924][  0]LogOcInput: OculusInput pre-init called
[2019.09.27-10.05.20:937][  0]LogWindows: Failed to load 'OVRPlugin.dll' (GetLastError=126)
[2019.09.27-10.05.20:937][  0]LogWindows: File 'OVRPlugin.dll' does not exist
[2019.09.27-10.05.21:014][  0]LogEngine: Initializing Engine...
[2019.09.27-10.05.21:015][  0]LogHMD: Failed to initialize OpenVR with code 110
[2019.09.27-10.05.21:016][  0]LogStats: UGameplayTagsManager::InitializeManager -  0.000 s
[2019.09.27-10.05.21:253][  0]LogInit: Initializing FReadOnlyCVARCache
[2019.09.27-10.05.21:269][  0]LogAIModule: Creating AISystem for world Untitled
[2019.09.27-10.05.21:309][  0]LogInit: XAudio2 using 'DELL U2717D (NVIDIA High Definition Audio)' : 2 channels at 48 kHz using 16 bits per sample (channel mask 0x3)
[2019.09.27-10.05.21:370][  0]LogInit: FAudioDevice initialized.
[2019.09.27-10.05.21:370][  0]LogNetVersion: Set ProjectVersion to 1.0.0.0. Version Checksum will be recalculated on next use.
[2019.09.27-10.05.21:471][  0]LogDerivedDataCache: Saved boot cache 0.10s 73MB C:/Users/1802624/AppData/Local/UnrealEngine/4.23/DerivedDataCache/Boot.ddc.
[2019.09.27-10.05.21:479][  0]LogInit: Texture streaming: Enabled
[2019.09.27-10.05.21:504][  0]LogEngineSessionManager: EngineSessionManager initialized
[2019.09.27-10.05.21:576][  0]LogInit: Transaction tracking system initialized
[2019.09.27-10.05.21:611][  0]BlueprintLog: New page: Editor Load
[2019.09.27-10.05.21:695][  0]LocalizationService: Localization service is disabled
[2019.09.27-10.05.22:026][  0]LogFileCache: Scanning file cache for directory 'D:/DRew/seminar_1/Content/' took 0.00s
[2019.09.27-10.05.22:026][  0]LogCook: Display: Max memory allowance for cook 16384mb min free memory 0mb
[2019.09.27-10.05.22:026][  0]LogCook: Display: Mobile HDR setting 1
[2019.09.27-10.05.22:256][  0]SourceControl: Source control is disabled
[2019.09.27-10.05.22:256][  0]Cmd: MAP LOAD FILE="../../../Engine/Content/Maps/Templates/Template_Default.umap" TEMPLATE=1 SHOWPROGRESS=1 FEATURELEVEL=3
[2019.09.27-10.05.22:257][  0]LightingResults: New page: Lighting Build
[2019.09.27-10.05.22:260][  0]LogWorld: UWorld::CleanupWorld for Untitled, bSessionEnded=true, bCleanupResources=true
[2019.09.27-10.05.22:260][  0]MapCheck: New page: Map Check
[2019.09.27-10.05.22:260][  0]LightingResults: New page: Lighting Build
[2019.09.27-10.05.22:301][  0]LogUObjectHash: Compacting FUObjectHashTables data took   1.76ms
[2019.09.27-10.05.22:389][  0]LogAIModule: Creating AISystem for world Untitled_1
[2019.09.27-10.05.22:399][  0]LogEditorServer: Finished looking for orphan Actors (0.000 secs)
[2019.09.27-10.05.22:442][  0]LogUObjectHash: Compacting FUObjectHashTables data took   2.51ms
[2019.09.27-10.05.22:442][  0]Cmd: MAP CHECKDEP NOCLEARLOG
[2019.09.27-10.05.22:442][  0]MapCheck: Map check complete: 0 Error(s), 0 Warning(s), took 0.092ms to complete.
[2019.09.27-10.05.22:442][  0]LogFileHelpers: Loading map 'Template_Default' took 0.186
[2019.09.27-10.05.22:596][  0]LogSlate: Updating window title bar state: overlay mode, drag disabled, window buttons hidden, title bar hidden
[2019.09.27-10.05.22:603][  0]LogSlate: Updating window title bar state: overlay mode, drag disabled, window buttons hidden, title bar hidden
[2019.09.27-10.05.22:611][  0]LogSlate: Updating window title bar state: overlay mode, drag disabled, window buttons hidden, title bar hidden
[2019.09.27-10.05.22:618][  0]LogSlate: Updating window title bar state: overlay mode, drag disabled, window buttons hidden, title bar hidden
[2019.09.27-10.05.22:627][  0]LogCollectionManager: Loaded 0 collections in 0.002355 seconds
[2019.09.27-10.05.22:636][  0]LogFileCache: Scanning file cache for directory 'D:/DRew/seminar_1/Saved/Collections/' took 0.00s
[2019.09.27-10.05.22:636][  0]LogFileCache: Scanning file cache for directory 'D:/DRew/seminar_1/Content/Developers/1802624/Collections/' took 0.00s
[2019.09.27-10.05.22:636][  0]LogFileCache: Scanning file cache for directory 'D:/DRew/seminar_1/Content/Collections/' took 0.00s
[2019.09.27-10.05.22:636][  0]LogCollectionManager: Rebuilt the GUID cache for 0 collections in 0.000001 seconds
[2019.09.27-10.05.22:644][  0]LogContentBrowser: Native class hierarchy populated in 0.0084 seconds. Added 2864 classes and 682 folders.
[2019.09.27-10.05.22:651][  0]LogContentBrowser: Native class hierarchy updated for 'WidgetCarousel' in 0.0004 seconds. Added 0 classes and 0 folders.
[2019.09.27-10.05.22:752][  0]LogContentBrowser: Native class hierarchy updated for 'AddContentDialog' in 0.0004 seconds. Added 0 classes and 0 folders.
[2019.09.27-10.05.22:759][  0]LogContentBrowser: Native class hierarchy updated for 'SceneOutliner' in 0.0004 seconds. Added 1 classes and 2 folders.
[2019.09.27-10.05.22:780][  0]LogSlate: Took 0.000427 seconds to synchronously load lazily loaded font '../../../Engine/Content/Slate/Fonts/Roboto-Regular.ttf' (155K)
[2019.09.27-10.05.22:782][  0]LogSlate: Took 0.000304 seconds to synchronously load lazily loaded font '../../../Engine/Content/Slate/Fonts/Roboto-Bold.ttf' (160K)
[2019.09.27-10.05.22:786][  0]LogSlate: Took 0.000340 seconds to synchronously load lazily loaded font '../../../Engine/Content/Editor/Slate/Fonts/FontAwesome.ttf' (139K)
[2019.09.27-10.05.22:873][  0]LogRenderer: Reallocating scene render targets to support 1576x836 Format 10 NumSamples 1 (Frame:1).
[2019.09.27-10.05.23:038][  0]LogSlate: FSceneViewport::OnFocusLost() reason 5
[2019.09.27-10.05.23:069][  0]LogSlate: Window 'Tutorials' being destroyed
[2019.09.27-10.05.23:090][  0]LogContentBrowser: Native class hierarchy updated for 'HierarchicalLODOutliner' in 0.0010 seconds. Added 0 classes and 0 folders.
[2019.09.27-10.05.23:090][  0]LogLoad: (Engine Initialization) Total time: 10.16 seconds
[2019.09.27-10.05.23:090][  0]LogLoad: (Engine Initialization) Total Blueprint compile time: 0.00 seconds
[2019.09.27-10.05.23:152][  0]LogContentStreaming: Texture pool size now 1000 MB
[2019.09.27-10.05.23:199][  1]LogAssetRegistry: Asset discovery search completed in 5.3690 seconds
[2019.09.27-10.05.23:208][  1]LogCollectionManager: Rebuilt the object cache for 0 collections in 0.000008 seconds (found 0 objects)
[2019.09.27-10.05.23:208][  1]LogCollectionManager: Fixed up redirectors for 0 collections in 0.000098 seconds (updated 0 objects)
[2019.09.27-10.05.30:797][898]LogSlate: FSceneViewport::OnFocusLost() reason 0
[2019.09.27-10.05.33:743][250]LogSlate: Took 0.000316 seconds to synchronously load lazily loaded font '../../../Engine/Content/Slate/Fonts/Roboto-Light.ttf' (167K)
[2019.09.27-10.05.33:779][250]LogSlate: Took 0.000369 seconds to synchronously load lazily loaded font '../../../Engine/Content/Slate/Fonts/Roboto-BoldCondensed.ttf' (158K)
[2019.09.27-10.06.47:077][978]Running C:/Program Files/Epic Games/UE_4.23/Engine/Binaries/DotNET/UnrealBuildTool.exe  -projectfiles -project="D:/DRew/seminar_1/seminar_1.uproject" -game -rocket -progress
[2019.09.27-10.06.47:587][978]Discovering modules, targets and source code for project...
[2019.09.27-10.06.49:806][978]Binding IntelliSense data...
[2019.09.27-10.06.52:342][978]Binding IntelliSense data... 100%
[2019.09.27-10.06.52:443][978]Writing project files...
[2019.09.27-10.06.56:486][978]Writing project files... 100%
[2019.09.27-10.06.56:607][978]LogVSAccessor: Warning: Couldn't access Visual Studio
[2019.09.27-10.06.56:612][978]Candidate modules for hot reload:
[2019.09.27-10.06.56:612][978]  seminar_1
[2019.09.27-10.06.56:613][978]Launching UnrealBuildTool... [C:/Program Files/Epic Games/UE_4.23/Engine/Binaries/DotNET/UnrealBuildTool.exe  -ModuleWithSuffix=seminar_1,6550 Win64 Development -TargetType=Editor -Project="D:/DRew/seminar_1/seminar_1.uproject" "D:/DRew/seminar_1/seminar_1.uproject"  -IgnoreJunk]
[2019.09.27-10.07.10:978][978]CompilerResultsLog: New page: Compilation - 27 Sep 2019 12:07:10
[2019.09.27-10.07.10:978][978]CompilerResultsLog: Creating makefile for seminar_1Editor (no existing makefile)
[2019.09.27-10.07.10:978][978]CompilerResultsLog: Parsing headers for seminar_1Editor
[2019.09.27-10.07.10:978][978]CompilerResultsLog:   Running UnrealHeaderTool "D:\DRew\seminar_1\seminar_1.uproject" "D:\DRew\seminar_1\Intermediate\Build\Win64\seminar_1Editor\Development\seminar_1Editor.uhtmanifest" -LogCmds="loginit warning, logexit warning, logdatabase error" -Unattended -WarningsAsErrors -installed
[2019.09.27-10.07.10:978][978]CompilerResultsLog: Reflection code generated for seminar_1Editor in 8.8498251 seconds
[2019.09.27-10.07.10:978][978]CompilerResultsLog: Using Visual Studio 2017 14.16.27023 toolchain (C:\Program Files (x86)\Microsoft Visual Studio\2017\Enterprise\VC\Tools\MSVC\14.16.27023) and Windows 10.0.17763.0 SDK (C:\Program Files (x86)\Windows Kits\10).
[2019.09.27-10.07.10:978][978]CompilerResultsLog: Building 9 actions with 12 processes...
[2019.09.27-10.07.10:978][978]CompilerResultsLog:   [1/9] seminar_1.init.gen.cpp
[2019.09.27-10.07.10:978][978]CompilerResultsLog:   [2/9] play.cpp
[2019.09.27-10.07.10:978][978]CompilerResultsLog:   [3/9] seminar_1.cpp
[2019.09.27-10.07.10:979][978]CompilerResultsLog:   [4/9] seminar_1GameModeBase.gen.cpp
[2019.09.27-10.07.10:979][978]CompilerResultsLog:   [5/9] seminar_1GameModeBase.cpp
[2019.09.27-10.07.10:979][978]CompilerResultsLog:   [6/9] play.gen.cpp
[2019.09.27-10.07.10:979][978]CompilerResultsLog:   [7/9] UE4Editor-seminar_1-6550.lib
[2019.09.27-10.07.10:979][978]CompilerResultsLog:      Creating library D:\DRew\seminar_1\Intermediate\Build\Win64\UE4Editor\Development\seminar_1\UE4Editor-seminar_1-6550.lib and object D:\DRew\seminar_1\Intermediate\Build\Win64\UE4Editor\Development\seminar_1\UE4Editor-seminar_1-6550.exp
[2019.09.27-10.07.10:979][978]CompilerResultsLog:   [8/9] UE4Editor-seminar_1-6550.dll
[2019.09.27-10.07.10:979][978]CompilerResultsLog:      Creating library D:\DRew\seminar_1\Intermediate\Build\Win64\UE4Editor\Development\seminar_1\UE4Editor-seminar_1-6550.suppressed.lib and object D:\DRew\seminar_1\Intermediate\Build\Win64\UE4Editor\Development\seminar_1\UE4Editor-seminar_1-6550.suppressed.exp
[2019.09.27-10.07.10:979][978]CompilerResultsLog:   [9/9] seminar_1Editor.target
[2019.09.27-10.07.10:979][978]CompilerResultsLog: Total time in Parallel executor: 2.54 seconds
[2019.09.27-10.07.10:979][978]CompilerResultsLog: Total execution time: 14.15 seconds
[2019.09.27-10.07.10:979][978]LogMainFrame: MainFrame: Module compiling took 14.371 seconds
[2019.09.27-10.07.11:008][978]LogUObjectHash: Compacting FUObjectHashTables data took   1.28ms
[2019.09.27-10.07.11:063][978]LogClass: Could not find existing class play in package /Script/seminar_1 for HotReload, assuming new class
[2019.09.27-10.07.11:066][978]LogContentBrowser: Native class hierarchy updated for 'seminar_1' in 0.0005 seconds. Added 2 classes and 2 folders.
[2019.09.27-10.07.11:069][978]Display: HotReload successful (0 functions remapped  0 scriptstructs remapped)
[2019.09.27-10.07.11:143][978]LogUObjectHash: Compacting FUObjectHashTables data took   1.05ms
[2019.09.27-10.07.11:154][978]LogContentBrowser: Native class hierarchy populated in 0.0077 seconds. Added 2866 classes and 684 folders.
[2019.09.27-10.07.11:155][978]Display: HotReload took 14.5s.
[2019.09.27-10.07.11:156][978]Warning: HotReload operation took 14.6s.
[2019.09.27-10.07.11:174][978]LogSlate: Window 'Add C++ Class' being destroyed
[2019.09.27-10.07.11:179][978]LogHotReload: New module detected: UE4Editor-seminar_1-6550.dll
[2019.09.27-10.07.11:205][979]LogHotReload: Starting Hot-Reload from IDE
[2019.09.27-10.07.11:261][979]LogUObjectHash: Compacting FUObjectHashTables data took   0.62ms
[2019.09.27-10.07.11:265][979]LogContentBrowser: Native class hierarchy updated for 'seminar_1' in 0.0004 seconds. Added 2 classes and 2 folders.
[2019.09.27-10.07.11:267][979]Display: HotReload successful (0 functions remapped  0 scriptstructs remapped)
[2019.09.27-10.07.11:296][979]LogUObjectHash: Compacting FUObjectHashTables data took   0.64ms
[2019.09.27-10.07.11:307][979]LogContentBrowser: Native class hierarchy populated in 0.0083 seconds. Added 2866 classes and 684 folders.
[2019.09.27-10.07.11:309][979]Display: HotReload took  0.1s.
[2019.09.27-10.10.11:464][853]LogAssetEditorManager: Opening Asset editor for Class /Script/seminar_1.play
[2019.09.27-10.10.47:501][682]LogAssetEditorManager: Opening Asset editor for UserDefinedStruct /Game/Character.Character
[2019.09.27-10.14.23:096][479]LogHttp: Warning: 00000232EBBF9440: invalid HTTP response code received. URL: https://datarouter.ol.epicgames.com/datarouter/api/v1/public/data?SessionID=%7BA922B804-4919-127D-A022-0786994B09D1%7D&AppID=UEEditor.Rocket.Release&AppVersion=4.23.0-8386587%2B%2B%2BUE4%2BRelease-4.23&UserID=064c74d14dbc3c4945cf4284a3d2175c%7C4dcd56aad7a645e8a5912ac6881d7545%7C371675b6-e951-4f5e-a807-de004cf5ba23&AppEnvironment=datacollector-binary&UploadType=eteventstream, HTTP code: 0, content length: -1, actual payload size: 0
[2019.09.27-10.14.23:096][479]LogHttp: Warning: 00000232EBBF9440: request failed, libcurl error: 0 (No error)
[2019.09.27-10.14.23:096][479]LogHttp: Warning: 00000232EBBF9440: libcurl info message cache 0 (Found bundle for host datarouter.ol.epicgames.com: 0x232ea38ff70 [can pipeline])
[2019.09.27-10.14.23:096][479]LogHttp: Warning: 00000232EBBF9440: libcurl info message cache 1 (Re-using existing connection! (#3) with host datarouter.ol.epicgames.com)
[2019.09.27-10.14.23:096][479]LogHttp: Warning: 00000232EBBF9440: libcurl info message cache 2 (Connected to datarouter.ol.epicgames.com (34.236.93.59) port 443 (#3))
[2019.09.27-10.14.23:096][479]LogHttp: Warning: 00000232EBBF9440: libcurl info message cache 3 (We are completely uploaded and fine)
[2019.09.27-10.14.23:096][479]LogHttp: Warning: 00000232EBBF9440: libcurl info message cache 4 (TLSv1.2 (IN), TLS alert, Client hello (1):)
[2019.09.27-10.14.23:096][479]LogHttp: Warning: 00000232EBBF9440: libcurl info message cache 5 (Connection died, retrying a fresh connect)
[2019.09.27-10.14.23:096][479]LogHttp: Warning: 00000232EBBF9440: libcurl info message cache 6 (necessary data rewind wasn't possible)
[2019.09.27-10.14.23:096][479]LogHttp: Warning: 00000232EBBF9440: libcurl info message cache 7 (Closing connection 3)
[2019.09.27-10.14.23:096][479]LogHttp: Warning: 00000232EBBF9440: libcurl info message cache 8 (TLSv1.2 (OUT), TLS alert, Client hello (1):)
[2019.09.27-10.14.23:104][480]LogHttp: Warning: Retry exhausted on https://datarouter.ol.epicgames.com/datarouter/api/v1/public/data?SessionID=%7BA922B804-4919-127D-A022-0786994B09D1%7D&AppID=UEEditor.Rocket.Release&AppVersion=4.23.0-8386587%2B%2B%2BUE4%2BRelease-4.23&UserID=064c74d14dbc3c4945cf4284a3d2175c%7C4dcd56aad7a645e8a5912ac6881d7545%7C371675b6-e951-4f5e-a807-de004cf5ba23&AppEnvironment=datacollector-binary&UploadType=eteventstream
[2019.09.27-10.18.28:638][921]Cmd: OBJ SAVEPACKAGE PACKAGE="/Game/Character" FILE="D:/DRew/seminar_1/Content/Character.uasset" SILENT=true
[2019.09.27-10.18.28:647][921]LogSavePackage: Moving 'D:/DRew/seminar_1/Saved/Character20950B554F1912969D63A499167A1051.tmp' to 'D:/DRew/seminar_1/Content/Character.uasset'
[2019.09.27-10.21.03:874][688]LogSlate: Window 'Character' being destroyed
[2019.09.27-10.21.03:877][688]LogSlate: Window 'Character' being destroyed
[2019.09.27-10.21.07:105][ 73]LogAssetEditorManager: Opening Asset editor for Class /Script/seminar_1.play
[2019.09.27-10.22.23:460][505]LogHttp: Warning: 0000023289425080: invalid HTTP response code received. URL: https://datarouter.ol.epicgames.com/datarouter/api/v1/public/data?SessionID=%7BA922B804-4919-127D-A022-0786994B09D1%7D&AppID=UEEditor.Rocket.Release&AppVersion=4.23.0-8386587%2B%2B%2BUE4%2BRelease-4.23&UserID=064c74d14dbc3c4945cf4284a3d2175c%7C4dcd56aad7a645e8a5912ac6881d7545%7C371675b6-e951-4f5e-a807-de004cf5ba23&AppEnvironment=datacollector-binary&UploadType=eteventstream, HTTP code: 0, content length: -1, actual payload size: 0
[2019.09.27-10.22.23:461][505]LogHttp: Warning: 0000023289425080: request failed, libcurl error: 0 (No error)
[2019.09.27-10.22.23:461][505]LogHttp: Warning: 0000023289425080: libcurl info message cache 0 (Found bundle for host datarouter.ol.epicgames.com: 0x232ea38ff70 [can pipeline])
[2019.09.27-10.22.23:461][505]LogHttp: Warning: 0000023289425080: libcurl info message cache 1 (Re-using existing connection! (#6) with host datarouter.ol.epicgames.com)
[2019.09.27-10.22.23:461][505]LogHttp: Warning: 0000023289425080: libcurl info message cache 2 (Connected to datarouter.ol.epicgames.com (54.88.130.39) port 443 (#6))
[2019.09.27-10.22.23:461][505]LogHttp: Warning: 0000023289425080: libcurl info message cache 3 (We are completely uploaded and fine)
[2019.09.27-10.22.23:461][505]LogHttp: Warning: 0000023289425080: libcurl info message cache 4 (TLSv1.2 (IN), TLS alert, Client hello (1):)
[2019.09.27-10.22.23:461][505]LogHttp: Warning: 0000023289425080: libcurl info message cache 5 (Connection died, retrying a fresh connect)
[2019.09.27-10.22.23:461][505]LogHttp: Warning: 0000023289425080: libcurl info message cache 6 (necessary data rewind wasn't possible)
[2019.09.27-10.22.23:461][505]LogHttp: Warning: 0000023289425080: libcurl info message cache 7 (Closing connection 6)
[2019.09.27-10.22.23:461][505]LogHttp: Warning: 0000023289425080: libcurl info message cache 8 (TLSv1.2 (OUT), TLS alert, Client hello (1):)
[2019.09.27-10.22.23:800][506]LogHttp: Warning: Retry exhausted on https://datarouter.ol.epicgames.com/datarouter/api/v1/public/data?SessionID=%7BA922B804-4919-127D-A022-0786994B09D1%7D&AppID=UEEditor.Rocket.Release&AppVersion=4.23.0-8386587%2B%2B%2BUE4%2BRelease-4.23&UserID=064c74d14dbc3c4945cf4284a3d2175c%7C4dcd56aad7a645e8a5912ac6881d7545%7C371675b6-e951-4f5e-a807-de004cf5ba23&AppEnvironment=datacollector-binary&UploadType=eteventstream
[2019.09.27-10.23.04:531][102]LogAssetEditorManager: Opening Asset editor for UserDefinedStruct /Game/Character.Character
[2019.09.27-10.25.26:536][  4]LogSlate: Took 0.000470 seconds to synchronously load lazily loaded font '../../../Engine/Content/Slate/Fonts/Roboto-BoldCondensedItalic.ttf' (160K)
[2019.09.27-10.27.25:863][802]LogUObjectHash: Compacting FUObjectHashTables data took   2.04ms
[2019.09.27-10.27.25:863][802]LogFileHelpers: Editor autosave (incl. sublevels) for '/Temp/Untitled_1' took 0.050
[2019.09.27-10.27.25:864][802]OBJ SavePackage: Generating thumbnails for [0] asset(s) in package [/Game/Character] ([1] browsable assets)...
[2019.09.27-10.27.25:864][802]OBJ SavePackage: Finished generating thumbnails for package [/Game/Character]
[2019.09.27-10.27.25:864][802]Cmd: OBJ SAVEPACKAGE PACKAGE="/Game/Character" FILE="D:/DRew/seminar_1/Saved/Autosaves/Game/Character_Auto1.uasset" SILENT=false AUTOSAVING=true
[2019.09.27-10.27.25:873][802]LogSavePackage: Moving 'D:/DRew/seminar_1/Saved/Character_Auto15DAEA02144559D2A5A542683AB62CCB4.tmp' to 'D:/DRew/seminar_1/Saved/Autosaves/Game/Character_Auto1.uasset'
[2019.09.27-10.27.25:874][802]LogFileHelpers: Auto-saving content packages took 0.010
[2019.09.27-10.30.40:774][700]LogSlate: Window 'Character' being destroyed
[2019.09.27-10.30.40:778][700]LogSlate: Window 'Character' being destroyed
[2019.09.27-10.31.11:252][334]Running C:/Program Files/Epic Games/UE_4.23/Engine/Binaries/DotNET/UnrealBuildTool.exe  -projectfiles -project="D:/DRew/seminar_1/seminar_1.uproject" -game -rocket -progress
[2019.09.27-10.31.11:863][334]Discovering modules, targets and source code for project...
[2019.09.27-10.31.14:083][334]Binding IntelliSense data...
[2019.09.27-10.31.17:022][334]Binding IntelliSense data... 100%
[2019.09.27-10.31.17:022][334]Writing project files...
[2019.09.27-10.31.21:065][334]Writing project files... 100%
[2019.09.27-10.31.21:178][334]LogVSAccessor: Warning: Couldn't access Visual Studio
[2019.09.27-10.31.21:184][334]Candidate modules for hot reload:
[2019.09.27-10.31.21:184][334]  seminar_1
[2019.09.27-10.31.21:184][334]Launching UnrealBuildTool... [C:/Program Files/Epic Games/UE_4.23/Engine/Binaries/DotNET/UnrealBuildTool.exe  -ModuleWithSuffix=seminar_1,6041 Win64 Development -TargetType=Editor -Project="D:/DRew/seminar_1/seminar_1.uproject" "D:/DRew/seminar_1/seminar_1.uproject"  -IgnoreJunk]
[2019.09.27-10.31.36:397][334]CompilerResultsLog: New page: Compilation - 27 Sep 2019 12:31:36
[2019.09.27-10.31.36:397][334]CompilerResultsLog: Creating makefile for seminar_1Editor (no existing makefile)
[2019.09.27-10.31.36:397][334]CompilerResultsLog: Parsing headers for seminar_1Editor
[2019.09.27-10.31.36:397][334]CompilerResultsLog:   Running UnrealHeaderTool "D:\DRew\seminar_1\seminar_1.uproject" "D:\DRew\seminar_1\Intermediate\Build\Win64\seminar_1Editor\Development\seminar_1Editor.uhtmanifest" -LogCmds="loginit warning, logexit warning, logdatabase error" -Unattended -WarningsAsErrors -installed
[2019.09.27-10.31.36:397][334]CompilerResultsLog: Reflection code generated for seminar_1Editor in 9.7320344 seconds
[2019.09.27-10.31.36:397][334]CompilerResultsLog: Using Visual Studio 2017 14.16.27023 toolchain (C:\Program Files (x86)\Microsoft Visual Studio\2017\Enterprise\VC\Tools\MSVC\14.16.27023) and Windows 10.0.17763.0 SDK (C:\Program Files (x86)\Windows Kits\10).
[2019.09.27-10.31.36:397][334]CompilerResultsLog: Building 8 actions with 12 processes...
[2019.09.27-10.31.36:397][334]CompilerResultsLog:   [1/8] seminar_1.init.gen.cpp
[2019.09.27-10.31.36:397][334]CompilerResultsLog:   [2/8] lootPool.cpp
[2019.09.27-10.31.36:397][334]CompilerResultsLog:   [3/8] play.cpp
[2019.09.27-10.31.36:397][334]CompilerResultsLog:   [4/8] lootPool.gen.cpp
[2019.09.27-10.31.36:397][334]CompilerResultsLog:   [5/8] play.gen.cpp
[2019.09.27-10.31.36:397][334]CompilerResultsLog:   [6/8] UE4Editor-seminar_1-6041.lib
[2019.09.27-10.31.36:397][334]CompilerResultsLog:      Creating library D:\DRew\seminar_1\Intermediate\Build\Win64\UE4Editor\Development\seminar_1\UE4Editor-seminar_1-6041.lib and object D:\DRew\seminar_1\Intermediate\Build\Win64\UE4Editor\Development\seminar_1\UE4Editor-seminar_1-6041.exp
[2019.09.27-10.31.36:397][334]CompilerResultsLog:   [7/8] UE4Editor-seminar_1-6041.dll
[2019.09.27-10.31.36:397][334]CompilerResultsLog:      Creating library D:\DRew\seminar_1\Intermediate\Build\Win64\UE4Editor\Development\seminar_1\UE4Editor-seminar_1-6041.suppressed.lib and object D:\DRew\seminar_1\Intermediate\Build\Win64\UE4Editor\Development\seminar_1\UE4Editor-seminar_1-6041.suppressed.exp
[2019.09.27-10.31.36:397][334]CompilerResultsLog:   [8/8] seminar_1Editor.target
[2019.09.27-10.31.36:397][334]CompilerResultsLog: Total time in Parallel executor: 2.55 seconds
[2019.09.27-10.31.36:397][334]CompilerResultsLog: Total execution time: 15.03 seconds
[2019.09.27-10.31.36:397][334]LogMainFrame: MainFrame: Module compiling took 15.219 seconds
[2019.09.27-10.31.36:434][334]LogUObjectHash: Compacting FUObjectHashTables data took   0.74ms
[2019.09.27-10.31.36:508][334]LogClass: Could not find existing class lootPool in package /Script/seminar_1 for HotReload, assuming new class
[2019.09.27-10.31.36:512][334]LogClass: Could not find existing type Somestruct for HotReload. Assuming new
[2019.09.27-10.31.36:517][334]LogContentBrowser: Native class hierarchy updated for 'seminar_1' in 0.0011 seconds. Added 3 classes and 2 folders.
[2019.09.27-10.31.36:520][334]Display: HotReload successful (0 functions remapped  1 scriptstructs remapped)
[2019.09.27-10.31.36:585][334]LogUObjectHash: Compacting FUObjectHashTables data took   1.29ms
[2019.09.27-10.31.36:598][334]LogContentBrowser: Native class hierarchy populated in 0.0086 seconds. Added 2867 classes and 684 folders.
[2019.09.27-10.31.36:598][334]Display: HotReload took 15.4s.
[2019.09.27-10.31.36:600][334]Warning: HotReload operation took 15.4s.
[2019.09.27-10.31.36:617][334]LogSlate: Window 'Add C++ Class' being destroyed
[2019.09.27-10.31.36:624][334]LogHotReload: New module detected: UE4Editor-seminar_1-6041.dll
[2019.09.27-10.31.36:649][335]LogHotReload: Starting Hot-Reload from IDE
[2019.09.27-10.31.36:700][335]LogUObjectHash: Compacting FUObjectHashTables data took   0.65ms
[2019.09.27-10.31.36:704][335]LogContentBrowser: Native class hierarchy updated for 'seminar_1' in 0.0005 seconds. Added 3 classes and 2 folders.
[2019.09.27-10.31.36:706][335]Display: HotReload successful (0 functions remapped  1 scriptstructs remapped)
[2019.09.27-10.31.36:737][335]LogUObjectHash: Compacting FUObjectHashTables data took   0.75ms
[2019.09.27-10.31.36:754][335]LogContentBrowser: Native class hierarchy populated in 0.0125 seconds. Added 2867 classes and 684 folders.
[2019.09.27-10.31.36:756][335]Display: HotReload took  0.1s.
[2019.09.27-10.32.50:865][810]LogEditorViewport: Clicking on Actor (LMB): BP_Sky_Sphere_C (Sky Sphere)
[2019.09.27-10.32.52:886][ 32]LogSlate: Took 0.007492 seconds to synchronously load lazily loaded font '../../../Engine/Content/Slate/Fonts/Roboto-Italic.ttf' (157K)
[2019.09.27-10.34.29:073][893]LogSlate: FSceneViewport::OnFocusLost() reason 5
[2019.09.27-10.41.23:696][789]LogHttp: Warning: 000002329183E840: invalid HTTP response code received. URL: https://datarouter.ol.epicgames.com/datarouter/api/v1/public/data?SessionID=%7BA922B804-4919-127D-A022-0786994B09D1%7D&AppID=UEEditor.Rocket.Release&AppVersion=4.23.0-8386587%2B%2B%2BUE4%2BRelease-4.23&UserID=064c74d14dbc3c4945cf4284a3d2175c%7C4dcd56aad7a645e8a5912ac6881d7545%7C371675b6-e951-4f5e-a807-de004cf5ba23&AppEnvironment=datacollector-binary&UploadType=eteventstream, HTTP code: 0, content length: -1, actual payload size: 0
[2019.09.27-10.41.23:696][789]LogHttp: Warning: 000002329183E840: request failed, libcurl error: 0 (No error)
[2019.09.27-10.41.23:696][789]LogHttp: Warning: 000002329183E840: libcurl info message cache 0 (Found bundle for host datarouter.ol.epicgames.com: 0x232ea38ff70 [can pipeline])
[2019.09.27-10.41.23:696][789]LogHttp: Warning: 000002329183E840: libcurl info message cache 1 (Re-using existing connection! (#14) with host datarouter.ol.epicgames.com)
[2019.09.27-10.41.23:696][789]LogHttp: Warning: 000002329183E840: libcurl info message cache 2 (Connected to datarouter.ol.epicgames.com (52.54.243.91) port 443 (#14))
[2019.09.27-10.41.23:696][789]LogHttp: Warning: 000002329183E840: libcurl info message cache 3 (We are completely uploaded and fine)
[2019.09.27-10.41.23:696][789]LogHttp: Warning: 000002329183E840: libcurl info message cache 4 (Connection died, retrying a fresh connect)
[2019.09.27-10.41.23:696][789]LogHttp: Warning: 000002329183E840: libcurl info message cache 5 (necessary data rewind wasn't possible)
[2019.09.27-10.41.23:696][789]LogHttp: Warning: 000002329183E840: libcurl info message cache 6 (Closing connection 14)
[2019.09.27-10.41.23:696][789]LogHttp: Warning: 000002329183E840: libcurl info message cache 7 (TLSv1.2 (OUT), TLS alert, Client hello (1):)
[2019.09.27-10.41.24:030][790]LogHttp: Warning: Retry exhausted on https://datarouter.ol.epicgames.com/datarouter/api/v1/public/data?SessionID=%7BA922B804-4919-127D-A022-0786994B09D1%7D&AppID=UEEditor.Rocket.Release&AppVersion=4.23.0-8386587%2B%2B%2BUE4%2BRelease-4.23&UserID=064c74d14dbc3c4945cf4284a3d2175c%7C4dcd56aad7a645e8a5912ac6881d7545%7C371675b6-e951-4f5e-a807-de004cf5ba23&AppEnvironment=datacollector-binary&UploadType=eteventstream
[2019.09.27-10.48.23:591][ 42]LogHttp: Warning: 000002329183E840: invalid HTTP response code received. URL: https://datarouter.ol.epicgames.com/datarouter/api/v1/public/data?SessionID=%7BA922B804-4919-127D-A022-0786994B09D1%7D&AppID=UEEditor.Rocket.Release&AppVersion=4.23.0-8386587%2B%2B%2BUE4%2BRelease-4.23&UserID=064c74d14dbc3c4945cf4284a3d2175c%7C4dcd56aad7a645e8a5912ac6881d7545%7C371675b6-e951-4f5e-a807-de004cf5ba23&AppEnvironment=datacollector-binary&UploadType=eteventstream, HTTP code: 0, content length: -1, actual payload size: 0
[2019.09.27-10.48.23:591][ 42]LogHttp: Warning: 000002329183E840: request failed, libcurl error: 0 (No error)
[2019.09.27-10.48.23:591][ 42]LogHttp: Warning: 000002329183E840: libcurl info message cache 0 (Found bundle for host datarouter.ol.epicgames.com: 0x232ea38ff70 [can pipeline])
[2019.09.27-10.48.23:591][ 42]LogHttp: Warning: 000002329183E840: libcurl info message cache 1 (Re-using existing connection! (#17) with host datarouter.ol.epicgames.com)
[2019.09.27-10.48.23:591][ 42]LogHttp: Warning: 000002329183E840: libcurl info message cache 2 (Connected to datarouter.ol.epicgames.com (34.195.0.70) port 443 (#17))
[2019.09.27-10.48.23:591][ 42]LogHttp: Warning: 000002329183E840: libcurl info message cache 3 (We are completely uploaded and fine)
[2019.09.27-10.48.23:591][ 42]LogHttp: Warning: 000002329183E840: libcurl info message cache 4 (TLSv1.2 (IN), TLS alert, Client hello (1):)
[2019.09.27-10.48.23:591][ 42]LogHttp: Warning: 000002329183E840: libcurl info message cache 5 (Connection died, retrying a fresh connect)
[2019.09.27-10.48.23:591][ 42]LogHttp: Warning: 000002329183E840: libcurl info message cache 6 (necessary data rewind wasn't possible)
[2019.09.27-10.48.23:591][ 42]LogHttp: Warning: 000002329183E840: libcurl info message cache 7 (Closing connection 17)
[2019.09.27-10.48.23:591][ 42]LogHttp: Warning: 000002329183E840: libcurl info message cache 8 (TLSv1.2 (OUT), TLS alert, Client hello (1):)
[2019.09.27-10.48.23:591][ 42]LogHttp: Warning: Retry exhausted on https://datarouter.ol.epicgames.com/datarouter/api/v1/public/data?SessionID=%7BA922B804-4919-127D-A022-0786994B09D1%7D&AppID=UEEditor.Rocket.Release&AppVersion=4.23.0-8386587%2B%2B%2BUE4%2BRelease-4.23&UserID=064c74d14dbc3c4945cf4284a3d2175c%7C4dcd56aad7a645e8a5912ac6881d7545%7C371675b6-e951-4f5e-a807-de004cf5ba23&AppEnvironment=datacollector-binary&UploadType=eteventstream
[2019.09.27-10.54.23:677][302]LogAssetEditorManager: Opening Asset editor for Class /Script/seminar_1.lootPool
[2019.09.27-10.57.11:309][224]LogAssetEditorManager: Opening Asset editor for Class /Script/seminar_1.lootPool
[2019.09.27-10.57.22:581][402]LogVSAccessor: Warning: Visual Studio is open but could not be queried - it may be blocked by a modal operation
[2019.09.27-10.58.22:589][ 63]LogAssetEditorManager: Opening Asset editor for UserDefinedStruct /Game/LootPool.LootPool
[2019.09.27-11.05.02:404][630]LogUObjectHash: Compacting FUObjectHashTables data took   1.88ms
[2019.09.27-11.05.02:404][630]LogFileHelpers: Editor autosave (incl. sublevels) for '/Temp/Untitled_1' took 0.049
[2019.09.27-11.05.02:406][630]OBJ SavePackage: Generating thumbnails for [0] asset(s) in package [/Game/LootPool] ([1] browsable assets)...
[2019.09.27-11.05.02:406][630]OBJ SavePackage: Finished generating thumbnails for package [/Game/LootPool]
[2019.09.27-11.05.02:406][630]Cmd: OBJ SAVEPACKAGE PACKAGE="/Game/LootPool" FILE="D:/DRew/seminar_1/Saved/Autosaves/Game/LootPool_Auto2.uasset" SILENT=false AUTOSAVING=true
[2019.09.27-11.05.02:427][630]LogSavePackage: Moving 'D:/DRew/seminar_1/Saved/LootPool_Auto2797C4A6E43DF2B173BBA44B344319DFC.tmp' to 'D:/DRew/seminar_1/Saved/Autosaves/Game/LootPool_Auto2.uasset'
[2019.09.27-11.05.02:429][630]LogFileHelpers: Auto-saving content packages took 0.024
[2019.09.27-11.14.23:389][195]LogHttp: Warning: 00000232A1CC9440: invalid HTTP response code received. URL: https://datarouter.ol.epicgames.com/datarouter/api/v1/public/data?SessionID=%7BA922B804-4919-127D-A022-0786994B09D1%7D&AppID=UEEditor.Rocket.Release&AppVersion=4.23.0-8386587%2B%2B%2BUE4%2BRelease-4.23&UserID=064c74d14dbc3c4945cf4284a3d2175c%7C4dcd56aad7a645e8a5912ac6881d7545%7C371675b6-e951-4f5e-a807-de004cf5ba23&AppEnvironment=datacollector-binary&UploadType=eteventstream, HTTP code: 0, content length: -1, actual payload size: 0
[2019.09.27-11.14.23:389][195]LogHttp: Warning: 00000232A1CC9440: request failed, libcurl error: 0 (No error)
[2019.09.27-11.14.23:389][195]LogHttp: Warning: 00000232A1CC9440: libcurl info message cache 0 (Found bundle for host datarouter.ol.epicgames.com: 0x232ea38ff70 [can pipeline])
[2019.09.27-11.14.23:389][195]LogHttp: Warning: 00000232A1CC9440: libcurl info message cache 1 (Re-using existing connection! (#27) with host datarouter.ol.epicgames.com)
[2019.09.27-11.14.23:389][195]LogHttp: Warning: 00000232A1CC9440: libcurl info message cache 2 (Connected to datarouter.ol.epicgames.com (54.80.175.210) port 443 (#27))
[2019.09.27-11.14.23:389][195]LogHttp: Warning: 00000232A1CC9440: libcurl info message cache 3 (We are completely uploaded and fine)
[2019.09.27-11.14.23:389][195]LogHttp: Warning: 00000232A1CC9440: libcurl info message cache 4 (TLSv1.2 (IN), TLS alert, Client hello (1):)
[2019.09.27-11.14.23:389][195]LogHttp: Warning: 00000232A1CC9440: libcurl info message cache 5 (Connection died, retrying a fresh connect)
[2019.09.27-11.14.23:389][195]LogHttp: Warning: 00000232A1CC9440: libcurl info message cache 6 (necessary data rewind wasn't possible)
[2019.09.27-11.14.23:389][195]LogHttp: Warning: 00000232A1CC9440: libcurl info message cache 7 (Closing connection 27)
[2019.09.27-11.14.23:389][195]LogHttp: Warning: 00000232A1CC9440: libcurl info message cache 8 (TLSv1.2 (OUT), TLS alert, Client hello (1):)
[2019.09.27-11.14.23:720][196]LogHttp: Warning: Retry exhausted on https://datarouter.ol.epicgames.com/datarouter/api/v1/public/data?SessionID=%7BA922B804-4919-127D-A022-0786994B09D1%7D&AppID=UEEditor.Rocket.Release&AppVersion=4.23.0-8386587%2B%2B%2BUE4%2BRelease-4.23&UserID=064c74d14dbc3c4945cf4284a3d2175c%7C4dcd56aad7a645e8a5912ac6881d7545%7C371675b6-e951-4f5e-a807-de004cf5ba23&AppEnvironment=datacollector-binary&UploadType=eteventstream
[2019.09.27-11.18.11:663][695]LogSlate: Window 'LootPool' being destroyed
[2019.09.27-11.18.11:667][695]LogSlate: Window 'LootPool' being destroyed
[2019.09.27-11.20.23:115][676]LogHttp: Warning: 00000232A1CC96C0: invalid HTTP response code received. URL: https://datarouter.ol.epicgames.com/datarouter/api/v1/public/data?SessionID=%7BA922B804-4919-127D-A022-0786994B09D1%7D&AppID=UEEditor.Rocket.Release&AppVersion=4.23.0-8386587%2B%2B%2BUE4%2BRelease-4.23&UserID=064c74d14dbc3c4945cf4284a3d2175c%7C4dcd56aad7a645e8a5912ac6881d7545%7C371675b6-e951-4f5e-a807-de004cf5ba23&AppEnvironment=datacollector-binary&UploadType=eteventstream, HTTP code: 0, content length: -1, actual payload size: 0
[2019.09.27-11.20.23:115][676]LogHttp: Warning: 00000232A1CC96C0: request failed, libcurl error: 0 (No error)
[2019.09.27-11.20.23:115][676]LogHttp: Warning: 00000232A1CC96C0: libcurl info message cache 0 (Found bundle for host datarouter.ol.epicgames.com: 0x232ea38ff70 [can pipeline])
[2019.09.27-11.20.23:115][676]LogHttp: Warning: 00000232A1CC96C0: libcurl info message cache 1 (Re-using existing connection! (#29) with host datarouter.ol.epicgames.com)
[2019.09.27-11.20.23:115][676]LogHttp: Warning: 00000232A1CC96C0: libcurl info message cache 2 (Connected to datarouter.ol.epicgames.com (54.85.53.73) port 443 (#29))
[2019.09.27-11.20.23:115][676]LogHttp: Warning: 00000232A1CC96C0: libcurl info message cache 3 (We are completely uploaded and fine)
[2019.09.27-11.20.23:115][676]LogHttp: Warning: 00000232A1CC96C0: libcurl info message cache 4 (TLSv1.2 (IN), TLS alert, Client hello (1):)
[2019.09.27-11.20.23:115][676]LogHttp: Warning: 00000232A1CC96C0: libcurl info message cache 5 (Connection died, retrying a fresh connect)
[2019.09.27-11.20.23:115][676]LogHttp: Warning: 00000232A1CC96C0: libcurl info message cache 6 (necessary data rewind wasn't possible)
[2019.09.27-11.20.23:115][676]LogHttp: Warning: 00000232A1CC96C0: libcurl info message cache 7 (Closing connection 29)
[2019.09.27-11.20.23:115][676]LogHttp: Warning: 00000232A1CC96C0: libcurl info message cache 8 (TLSv1.2 (OUT), TLS alert, Client hello (1):)
[2019.09.27-11.20.23:115][676]LogHttp: Warning: Retry exhausted on https://datarouter.ol.epicgames.com/datarouter/api/v1/public/data?SessionID=%7BA922B804-4919-127D-A022-0786994B09D1%7D&AppID=UEEditor.Rocket.Release&AppVersion=4.23.0-8386587%2B%2B%2BUE4%2BRelease-4.23&UserID=064c74d14dbc3c4945cf4284a3d2175c%7C4dcd56aad7a645e8a5912ac6881d7545%7C371675b6-e951-4f5e-a807-de004cf5ba23&AppEnvironment=datacollector-binary&UploadType=eteventstream
[2019.09.27-11.23.51:080][590]LogSlate: Took 0.001153 seconds to synchronously load lazily loaded font '../../../Engine/Content/Slate/Fonts/Roboto-Light.ttf' (167K)
[2019.09.27-11.23.52:437][590]LogSlate: Window 'Save Level As' being destroyed
[2019.09.27-11.23.52:503][590]LogUObjectHash: Compacting FUObjectHashTables data took   1.91ms
[2019.09.27-11.23.52:506][590]Cmd: OBJ SAVEPACKAGE PACKAGE="/Game/NewMap" FILE="D:/DRew/seminar_1/Content/NewMap.umap" SILENT=true AUTOSAVING=false KEEPDIRTY=false
[2019.09.27-11.23.52:537][590]LogUObjectHash: Compacting FUObjectHashTables data took   1.17ms
[2019.09.27-11.23.52:653][590]LogSavePackage: Moving 'D:/DRew/seminar_1/Saved/NewMap515B83B6450130B468BCC6A78A78129B.tmp' to 'D:/DRew/seminar_1/Content/NewMap.umap'
[2019.09.27-11.23.52:694][590]Cmd: OBJ SAVEPACKAGE PACKAGE="/Game/NewMap_BuiltData" FILE="D:/DRew/seminar_1/Content/NewMap_BuiltData.uasset" SILENT=true
[2019.09.27-11.23.52:712][590]LogSavePackage: Moving 'D:/DRew/seminar_1/Saved/NewMap_BuiltDataD5B5F1554F0AD2BC980143A95EBF849F.tmp' to 'D:/DRew/seminar_1/Content/NewMap_BuiltData.uasset'
[2019.09.27-11.23.52:719][590]LogFileHelpers: Saving map 'NewMap' took 0.271
